{"target": 0.7000000000000001, "params": {"pca__copy": 0.7923418089348906, "pca__iterated_power": 7.203244934421581, "pca__n_components": 1.0021731215295528, "pca__svd_solver": 0.9069977178955193, "pca__tol": 0.14674121522803132, "pca__whiten": 0.1754433300607158, "randomforestclassifier__criterion": 0.3538944016175747, "randomforestclassifier__max_depth": 346.2151663160047, "randomforestclassifier__max_features": 0.39676747423066994, "randomforestclassifier__max_leaf_nodes": 11.159884478057068, "randomforestclassifier__min_samples_leaf": 0.2095972572016474, "randomforestclassifier__min_samples_split": 0.6852195003967595, "randomforestclassifier__min_weight_fraction_leaf": 0.10222612486575872, "randomforestclassifier__n_estimators": 1792.799641864607, "randomforestclassifier__oob_score": 0.05203642707605971, "randomforestclassifier__verbose": 1.2738882693389642}, "datetime": {"datetime": "2019-11-05 13:24:41", "elapsed": 0.0, "delta": 0.0}}
{"target": 0.7009999999999998, "params": {"pca__copy": 0.7928791244975412, "pca__iterated_power": 5.586898284457517, "pca__n_components": 3.6673518333094415, "pca__svd_solver": 0.5943044672546364, "pca__tol": 0.8006644942186691, "pca__whiten": 1.8396969938668553, "randomforestclassifier__criterion": 0.5955059385025614, "randomforestclassifier__max_depth": 692.6302930536448, "randomforestclassifier__max_features": 0.8763891522960383, "randomforestclassifier__max_leaf_nodes": 17.208313279565402, "randomforestclassifier__min_samples_leaf": 0.042522105684888956, "randomforestclassifier__min_samples_split": 0.03905478323288236, "randomforestclassifier__min_weight_fraction_leaf": 0.08491520978228445, "randomforestclassifier__n_estimators": 1792.8422558300024, "randomforestclassifier__oob_score": 0.18685898428279518, "randomforestclassifier__verbose": 0.8001044875095991}, "datetime": {"datetime": "2019-11-05 13:25:11", "elapsed": 29.717826, "delta": 29.717826}}
{"target": 0.7000000000000001, "params": {"pca__copy": 1.8199901072859537, "pca__iterated_power": 5.331652849730171, "pca__n_components": 14.145665165058993, "pca__svd_solver": 0.9465468930181888, "pca__tol": 0.6864322775888155, "pca__whiten": 1.5857887766050085, "randomforestclassifier__criterion": 0.03474772695396443, "randomforestclassifier__max_depth": 750.3941706300225, "randomforestclassifier__max_features": 0.9888610889064947, "randomforestclassifier__max_leaf_nodes": 14.71881612445727, "randomforestclassifier__min_samples_leaf": 0.1402219960322026, "randomforestclassifier__min_samples_split": 0.7892793284514885, "randomforestclassifier__min_weight_fraction_leaf": 0.05161300328882101, "randomforestclassifier__n_estimators": 1061.418994499039, "randomforestclassifier__oob_score": 1.7263314558768814, "randomforestclassifier__verbose": 0.557866881909991}, "datetime": {"datetime": "2019-11-05 13:25:25", "elapsed": 44.060027, "delta": 14.342201}}
{"target": 0.7000000000000001, "params": {"pca__copy": 0.5467731433140626, "pca__iterated_power": 1.3002857211827767, "pca__n_components": 1.3679721995356444, "pca__svd_solver": 2.036506598819673, "pca__tol": 0.21160695318845904, "pca__whiten": 0.5045386528072298, "randomforestclassifier__criterion": 0.9339890026326427, "randomforestclassifier__max_depth": 54.309182571963305, "randomforestclassifier__max_features": 0.5741176054920131, "randomforestclassifier__max_leaf_nodes": 4.494385773398772, "randomforestclassifier__min_samples_leaf": 0.2946527684516421, "randomforestclassifier__min_samples_split": 0.6997583600209312, "randomforestclassifier__min_weight_fraction_leaf": 0.05116721441391292, "randomforestclassifier__n_estimators": 1003.8951792932661, "randomforestclassifier__oob_score": 1.3193602996827156, "randomforestclassifier__verbose": 0.786940612101115}, "datetime": {"datetime": "2019-11-05 13:25:38", "elapsed": 57.27959, "delta": 13.219563}}
{"target": 0.7000000000000001, "params": {"pca__copy": 0.0949115719975656, "pca__iterated_power": 5.358964059155116, "pca__n_components": 13.612098259175987, "pca__svd_solver": 1.5446673361749257, "pca__tol": 0.9445002965152143, "pca__whiten": 1.1144545769537866, "randomforestclassifier__criterion": 1.7164636390469785, "randomforestclassifier__max_depth": 138.33722944209129, "randomforestclassifier__max_features": 0.13927634725075855, "randomforestclassifier__max_leaf_nodes": 15.725651908061906, "randomforestclassifier__min_samples_leaf": 0.1988384184927668, "randomforestclassifier__min_samples_split": 0.16535419711693278, "randomforestclassifier__min_weight_fraction_leaf": 0.46375429019801695, "randomforestclassifier__n_estimators": 891.2019615673612, "randomforestclassifier__oob_score": 1.4265429959586955, "randomforestclassifier__verbose": 1.3793961721658576}, "datetime": {"datetime": "2019-11-05 13:25:52", "elapsed": 70.711088, "delta": 13.431498}}
{"target": 0.7000000000000001, "params": {"pca__copy": 1.6782815732910386, "pca__iterated_power": 6.236722070556089, "pca__n_components": 15.267906246519406, "pca__svd_solver": 1.0466950259335275, "pca__tol": 0.26990089897584957, "pca__whiten": 1.702183814572527, "randomforestclassifier__criterion": 0.8133732607554602, "randomforestclassifier__max_depth": 964.8752071012372, "randomforestclassifier__max_features": 0.6634414978184481, "randomforestclassifier__max_leaf_nodes": 12.56882724355507, "randomforestclassifier__min_samples_leaf": 0.05737298647668759, "randomforestclassifier__min_samples_split": 0.9494892587070712, "randomforestclassifier__min_weight_fraction_leaf": 0.22495606673997026, "randomforestclassifier__n_estimators": 1283.262344458124, "randomforestclassifier__oob_score": 0.7754599252464341, "randomforestclassifier__verbose": 0.4503512624617526}, "datetime": {"datetime": "2019-11-05 13:26:07", "elapsed": 85.572569, "delta": 14.861481}}
{"target": 0.7000000000000001, "params": {"pca__copy": 1.716421089068282, "pca__iterated_power": 5.7367948667228585, "pca__n_components": 1.0545362135920204, "pca__svd_solver": 1.8514347408621716, "pca__tol": 0.32661223728191896, "pca__whiten": 1.0014103942894577, "randomforestclassifier__criterion": 1.6832899886904715, "randomforestclassifier__max_depth": 357.91249024249726, "randomforestclassifier__max_features": 0.9085351509197992, "randomforestclassifier__max_leaf_nodes": 12.597121968460646, "randomforestclassifier__min_samples_leaf": 0.007910621423278141, "randomforestclassifier__min_samples_split": 0.9294372337437613, "randomforestclassifier__min_weight_fraction_leaf": 0.345448458758462, "randomforestclassifier__n_estimators": 1995.4488457675168, "randomforestclassifier__oob_score": 0.3274469658561242, "randomforestclassifier__verbose": 0.26055792429486774}, "datetime": {"datetime": "2019-11-05 13:26:29", "elapsed": 107.459247, "delta": 21.886678}}
{"target": 0.7000000000000001, "params": {"pca__copy": 1.7719313797706107, "pca__iterated_power": 6.9681816148990015, "pca__n_components": 2.2540032817191875, "pca__svd_solver": 2.2663891578073994, "pca__tol": 0.7538008008424003, "pca__whiten": 1.7537466175383183, "randomforestclassifier__criterion": 1.3518970413940963, "randomforestclassifier__max_depth": 125.14669101019253, "randomforestclassifier__max_features": 0.01988013383979559, "randomforestclassifier__max_leaf_nodes": 2.445586776921228, "randomforestclassifier__min_samples_leaf": 0.014153244010397303, "randomforestclassifier__min_samples_split": 0.2462110676030459, "randomforestclassifier__min_weight_fraction_leaf": 0.430013974341444, "randomforestclassifier__n_estimators": 1216.0128093808098, "randomforestclassifier__oob_score": 1.050361759502955, "randomforestclassifier__verbose": 1.5998586954832508}, "datetime": {"datetime": "2019-11-05 13:26:46", "elapsed": 124.681206, "delta": 17.221959}}
{"target": 0.7000000000000001, "params": {"pca__copy": 0.23592929872783117, "pca__iterated_power": 2.791836790111395, "pca__n_components": 12.129426157707469, "pca__svd_solver": 2.9087872449590235, "pca__tol": 0.5609741162337843, "pca__whiten": 0.03542984980859174, "randomforestclassifier__criterion": 1.521202078093171, "randomforestclassifier__max_depth": 233.7412995671794, "randomforestclassifier__max_features": 0.8071051956187791, "randomforestclassifier__max_leaf_nodes": 8.593630949090919, "randomforestclassifier__min_samples_leaf": 0.43177092727971433, "randomforestclassifier__min_samples_split": 0.7471216427371846, "randomforestclassifier__min_weight_fraction_leaf": 0.27812011699520944, "randomforestclassifier__n_estimators": 531.9738836231645, "randomforestclassifier__oob_score": 0.11384361007320215, "randomforestclassifier__verbose": 0.23055256590740095}, "datetime": {"datetime": "2019-11-05 13:26:52", "elapsed": 130.668466, "delta": 5.98726}}
{"target": 0.7000000000000001, "params": {"pca__copy": 0.08464856923504728, "pca__iterated_power": 1.074941291060929, "pca__n_components": 5.2884774335492395, "pca__svd_solver": 2.13896694114803, "pca__tol": 0.5596610103559371, "pca__whiten": 0.02385636230232012, "randomforestclassifier__criterion": 0.13675113141002487, "randomforestclassifier__max_depth": 967.3090536702717, "randomforestclassifier__max_features": 0.5681004619199421, "randomforestclassifier__max_leaf_nodes": 5.455984989236838, "randomforestclassifier__min_samples_leaf": 0.1261628722851617, "randomforestclassifier__min_samples_split": 0.7438258540750929, "randomforestclassifier__min_weight_fraction_leaf": 0.0977147405546594, "randomforestclassifier__n_estimators": 1288.3101763645382, "randomforestclassifier__oob_score": 1.8430379792677933, "randomforestclassifier__verbose": 1.608974722831067}, "datetime": {"datetime": "2019-11-05 13:27:09", "elapsed": 147.947048, "delta": 17.278582}}
{"target": 0.7000000000000001, "params": {"pca__copy": 0.37568995686091017, "pca__iterated_power": 9.55197176346963, "pca__n_components": 2.185202129065851, "pca__svd_solver": 2.2925623795973364, "pca__tol": 0.7605635480868935, "pca__whiten": 1.5306330842545284, "randomforestclassifier__criterion": 0.9426065812317175, "randomforestclassifier__max_depth": 997.6467920040056, "randomforestclassifier__max_features": 0.48187397476240257, "randomforestclassifier__max_leaf_nodes": 15.540148471332225, "randomforestclassifier__min_samples_leaf": 0.1942288575589992, "randomforestclassifier__min_samples_split": 0.9330446552841747, "randomforestclassifier__min_weight_fraction_leaf": 0.16582583136977475, "randomforestclassifier__n_estimators": 305.16724382370984, "randomforestclassifier__oob_score": 1.013710201991775, "randomforestclassifier__verbose": 0.3314524159971104}, "datetime": {"datetime": "2019-11-05 13:27:37", "elapsed": 176.182163, "delta": 28.235115}}
{"target": 0.7000000000000001, "params": {"pca__copy": 0.3553184885919559, "pca__iterated_power": 2.541024314916159, "pca__n_components": 17.10913833944913, "pca__svd_solver": 0.6332158351413114, "pca__tol": 0.3736645109610405, "pca__whiten": 0.4976596588442217, "randomforestclassifier__criterion": 0.31051518936996925, "randomforestclassifier__max_depth": 982.6999935011254, "randomforestclassifier__max_features": 0.9297433921967723, "randomforestclassifier__max_leaf_nodes": 16.180307152721923, "randomforestclassifier__min_samples_leaf": 0.4442415869571365, "randomforestclassifier__min_samples_split": 0.1957766766573784, "randomforestclassifier__min_weight_fraction_leaf": 0.20152713345948248, "randomforestclassifier__n_estimators": 1993.2065809562596, "randomforestclassifier__oob_score": 0.16293547665942631, "randomforestclassifier__verbose": 1.4345846815138743}, "datetime": {"datetime": "2019-11-05 13:28:22", "elapsed": 221.136111, "delta": 44.953948}}
{"target": 0.7000000000000001, "params": {"pca__copy": 1.2118177025341392, "pca__iterated_power": 8.111912118818205, "pca__n_components": 16.8183703044173, "pca__svd_solver": 1.9798053003046636, "pca__tol": 0.48508817094605144, "pca__whiten": 0.2607887601782083, "randomforestclassifier__criterion": 0.6212475734208813, "randomforestclassifier__max_depth": 5.071751030931278, "randomforestclassifier__max_features": 0.9029049068601973, "randomforestclassifier__max_leaf_nodes": 18.98020839924016, "randomforestclassifier__min_samples_leaf": 0.076543265642873, "randomforestclassifier__min_samples_split": 0.37741024191889716, "randomforestclassifier__min_weight_fraction_leaf": 0.08947420101615872, "randomforestclassifier__n_estimators": 1995.726216567524, "randomforestclassifier__oob_score": 0.16857568180699403, "randomforestclassifier__verbose": 1.4334748602796747}, "datetime": {"datetime": "2019-11-05 13:29:35", "elapsed": 294.188407, "delta": 73.052296}}
{"target": 0.7000000000000001, "params": {"pca__copy": 1.595082982637798, "pca__iterated_power": 6.266510860383136, "pca__n_components": 16.19076849865121, "pca__svd_solver": 1.05897454093886, "pca__tol": 0.3261080648141635, "pca__whiten": 1.0801365690715357, "randomforestclassifier__criterion": 1.2054943324207144, "randomforestclassifier__max_depth": 6.921559114744665, "randomforestclassifier__max_features": 0.004767438336426566, "randomforestclassifier__max_leaf_nodes": 17.70758041189219, "randomforestclassifier__min_samples_leaf": 0.07226698201408421, "randomforestclassifier__min_samples_split": 0.6477495937697086, "randomforestclassifier__min_weight_fraction_leaf": 0.011570564969894614, "randomforestclassifier__n_estimators": 301.8372445797299, "randomforestclassifier__oob_score": 0.5486613533253776, "randomforestclassifier__verbose": 1.5711270478494908}, "datetime": {"datetime": "2019-11-05 13:30:03", "elapsed": 321.631786, "delta": 27.443379}}
{"target": 0.7000000000000001, "params": {"pca__copy": 1.783527479039788, "pca__iterated_power": 5.482872571606108, "pca__n_components": 1.8854126430799945, "pca__svd_solver": 1.4068848496672275, "pca__tol": 0.013123887676689703, "pca__whiten": 0.7746786815863945, "randomforestclassifier__criterion": 1.4524192505966698, "randomforestclassifier__max_depth": 991.3148877892266, "randomforestclassifier__max_features": 0.35502115288315983, "randomforestclassifier__max_leaf_nodes": 2.5491870727309642, "randomforestclassifier__min_samples_leaf": 0.48661572279867954, "randomforestclassifier__min_samples_split": 0.18889667306085478, "randomforestclassifier__min_weight_fraction_leaf": 0.14763236376492694, "randomforestclassifier__n_estimators": 306.7706343208871, "randomforestclassifier__oob_score": 0.857731896246157, "randomforestclassifier__verbose": 0.5527330785975395}, "datetime": {"datetime": "2019-11-05 13:30:35", "elapsed": 353.390285, "delta": 31.758499}}
{"target": 0.7000000000000001, "params": {"pca__copy": 1.7390114418786597, "pca__iterated_power": 2.153427389559014, "pca__n_components": 18.976674227659927, "pca__svd_solver": 1.9092529981478672, "pca__tol": 0.6915484127912818, "pca__whiten": 1.2195368880844903, "randomforestclassifier__criterion": 0.1948097317979115, "randomforestclassifier__max_depth": 983.038381619387, "randomforestclassifier__max_features": 0.3803196135838204, "randomforestclassifier__max_leaf_nodes": 3.171309141305791, "randomforestclassifier__min_samples_leaf": 0.10617867386769164, "randomforestclassifier__min_samples_split": 0.6606306665260158, "randomforestclassifier__min_weight_fraction_leaf": 0.014382463690880642, "randomforestclassifier__n_estimators": 1981.1974250292928, "randomforestclassifier__oob_score": 1.3603665681933719, "randomforestclassifier__verbose": 0.27139973942939294}, "datetime": {"datetime": "2019-11-05 13:31:28", "elapsed": 406.532491, "delta": 53.142206}}
{"target": 0.7000000000000001, "params": {"pca__copy": 1.0019701982502682, "pca__iterated_power": 3.0002326843834783, "pca__n_components": 1.2031563928775149, "pca__svd_solver": 1.5928421698502235, "pca__tol": 0.874223115493467, "pca__whiten": 0.9883078004803997, "randomforestclassifier__criterion": 0.1275567348462571, "randomforestclassifier__max_depth": 6.07027964541337, "randomforestclassifier__max_features": 0.6673034705927468, "randomforestclassifier__max_leaf_nodes": 17.721883444496385, "randomforestclassifier__min_samples_leaf": 0.2344398339708057, "randomforestclassifier__min_samples_split": 0.6154508829002571, "randomforestclassifier__min_weight_fraction_leaf": 0.3598930318320967, "randomforestclassifier__n_estimators": 1994.0225121066276, "randomforestclassifier__oob_score": 1.5999095637318068, "randomforestclassifier__verbose": 0.8312564854085343}, "datetime": {"datetime": "2019-11-05 13:32:21", "elapsed": 460.018864, "delta": 53.486373}}
{"target": 0.7000000000000001, "params": {"pca__copy": 1.710693682118481, "pca__iterated_power": 1.2101890690265227, "pca__n_components": 19.315231339266305, "pca__svd_solver": 0.0304559482552077, "pca__tol": 0.04931717971461535, "pca__whiten": 1.3697921756055451, "randomforestclassifier__criterion": 0.45699131403452486, "randomforestclassifier__max_depth": 2.998747848772946, "randomforestclassifier__max_features": 0.7586196855724121, "randomforestclassifier__max_leaf_nodes": 2.2919120821859194, "randomforestclassifier__min_samples_leaf": 0.41603651104416867, "randomforestclassifier__min_samples_split": 0.8133222091311365, "randomforestclassifier__min_weight_fraction_leaf": 0.34495709140526654, "randomforestclassifier__n_estimators": 323.29499119421604, "randomforestclassifier__oob_score": 1.7851008905614483, "randomforestclassifier__verbose": 0.03034360154695821}, "datetime": {"datetime": "2019-11-05 13:32:50", "elapsed": 489.252656, "delta": 29.233792}}
{"target": 0.7000000000000001, "params": {"pca__copy": 1.4667071192807284, "pca__iterated_power": 7.330032012485144, "pca__n_components": 15.778946644873953, "pca__svd_solver": 2.3767497883532878, "pca__tol": 0.8887669784919372, "pca__whiten": 1.1510104699266022, "randomforestclassifier__criterion": 0.3687300977195471, "randomforestclassifier__max_depth": 997.7751102418166, "randomforestclassifier__max_features": 0.942859024872178, "randomforestclassifier__max_leaf_nodes": 18.329755586160445, "randomforestclassifier__min_samples_leaf": 0.1605474377881831, "randomforestclassifier__min_samples_split": 0.15947326327597589, "randomforestclassifier__min_weight_fraction_leaf": 0.14119054038853018, "randomforestclassifier__n_estimators": 310.80439421663783, "randomforestclassifier__oob_score": 0.36040008973534454, "randomforestclassifier__verbose": 1.3485245912775101}, "datetime": {"datetime": "2019-11-05 13:33:22", "elapsed": 521.053286, "delta": 31.80063}}
{"target": 0.7000000000000001, "params": {"pca__copy": 0.5831864550981688, "pca__iterated_power": 2.2946866135497714, "pca__n_components": 19.319000524182826, "pca__svd_solver": 2.550785031458525, "pca__tol": 0.17420347699002045, "pca__whiten": 1.2569872179775823, "randomforestclassifier__criterion": 0.6828559943237825, "randomforestclassifier__max_depth": 997.3984333695547, "randomforestclassifier__max_features": 0.07521408619749193, "randomforestclassifier__max_leaf_nodes": 2.5529822102626887, "randomforestclassifier__min_samples_leaf": 0.23458692692330096, "randomforestclassifier__min_samples_split": 0.9799044362283665, "randomforestclassifier__min_weight_fraction_leaf": 0.27852287744200027, "randomforestclassifier__n_estimators": 1984.3118564127462, "randomforestclassifier__oob_score": 1.1836474262515444, "randomforestclassifier__verbose": 0.3500700662964682}, "datetime": {"datetime": "2019-11-05 13:34:14", "elapsed": 573.070675, "delta": 52.017389}}
{"target": 0.7000000000000001, "params": {"pca__copy": 1.3619456171897295, "pca__iterated_power": 0.6632803747575633, "pca__n_components": 16.947609833694777, "pca__svd_solver": 2.4781098382894324, "pca__tol": 0.38773897613087716, "pca__whiten": 0.5876151835881047, "randomforestclassifier__criterion": 0.3941638753132467, "randomforestclassifier__max_depth": 2.9586062453348108, "randomforestclassifier__max_features": 0.45509443002613814, "randomforestclassifier__max_leaf_nodes": 6.6165459746384, "randomforestclassifier__min_samples_leaf": 0.117499119146796, "randomforestclassifier__min_samples_split": 0.5973626628559711, "randomforestclassifier__min_weight_fraction_leaf": 0.05303017971626284, "randomforestclassifier__n_estimators": 1996.6855788790606, "randomforestclassifier__oob_score": 0.8209052434308864, "randomforestclassifier__verbose": 0.06708052846676428}, "datetime": {"datetime": "2019-11-05 13:35:10", "elapsed": 629.277761, "delta": 56.207086}}
{"target": 0.7000000000000001, "params": {"pca__copy": 1.864684777939662, "pca__iterated_power": 6.666335997610857, "pca__n_components": 1.7114406801265252, "pca__svd_solver": 0.5431796507269442, "pca__tol": 0.5153324336807671, "pca__whiten": 1.2936171701231045, "randomforestclassifier__criterion": 1.3712171360285936, "randomforestclassifier__max_depth": 998.7260363858161, "randomforestclassifier__max_features": 0.4084161006217454, "randomforestclassifier__max_leaf_nodes": 17.696659323906093, "randomforestclassifier__min_samples_leaf": 0.27326909446900666, "randomforestclassifier__min_samples_split": 0.14276005772852207, "randomforestclassifier__min_weight_fraction_leaf": 0.3112579845850962, "randomforestclassifier__n_estimators": 1992.987954934664, "randomforestclassifier__oob_score": 0.036634175571912786, "randomforestclassifier__verbose": 0.7772313630958554}, "datetime": {"datetime": "2019-11-05 13:35:58", "elapsed": 676.438555, "delta": 47.160794}}
