{"target": 0.7000000000000001, "params": {"pca__copy": 1.8378244571942108, "pca__iterated_power": 0.7127303119166772, "pca__n_components": 2.2227843829882605, "pca__svd_solver": 0.09841327367518116, "pca__tol": 0.3772821246790924, "pca__whiten": 0.6280233210199035, "randomforestclassifier__criterion": 0.584224134485805, "randomforestclassifier__max_depth": 16.39038602351697, "randomforestclassifier__max_features": 0.9465622067767752, "randomforestclassifier__max_leaf_nodes": 17.934393992568946, "randomforestclassifier__min_samples_leaf": 0.3071163819120153, "randomforestclassifier__min_samples_split": 0.06333750579822484, "randomforestclassifier__min_weight_fraction_leaf": 0.02838105838332866, "randomforestclassifier__n_estimators": 1960.1666733916627, "randomforestclassifier__oob_score": 0.35254885959799914, "randomforestclassifier__verbose": 1.8391363738077555}, "datetime": {"datetime": "2019-11-05 14:20:51", "elapsed": 3369.446176, "delta": 52.813211}}
{"target": 0.7000000000000001, "params": {"pca__copy": 0.932412958992967, "pca__iterated_power": 0.21500366543172889, "pca__n_components": 1.5038079689334685, "pca__svd_solver": 0.904217871695326, "pca__tol": 0.24627831865698424, "pca__whiten": 1.2595346171220103, "randomforestclassifier__criterion": 0.828983038270905, "randomforestclassifier__max_depth": 1.9748216999937243, "randomforestclassifier__max_features": 0.05461810902896269, "randomforestclassifier__max_leaf_nodes": 17.09335289028256, "randomforestclassifier__min_samples_leaf": 0.07255004409704591, "randomforestclassifier__min_samples_split": 0.7051911718698084, "randomforestclassifier__min_weight_fraction_leaf": 0.4128306802886037, "randomforestclassifier__n_estimators": 310.71286520395097, "randomforestclassifier__oob_score": 0.11184886205622972, "randomforestclassifier__verbose": 1.8994560750983784}, "datetime": {"datetime": "2019-11-05 14:21:18", "elapsed": 3396.806566, "delta": 27.36039}}
{"target": 0.7000000000000001, "params": {"pca__copy": 0.5194477353491886, "pca__iterated_power": 9.74188083849858, "pca__n_components": 18.56999485780954, "pca__svd_solver": 2.811583461686983, "pca__tol": 0.946229046062581, "pca__whiten": 0.5833779297537445, "randomforestclassifier__criterion": 0.307439714228043, "randomforestclassifier__max_depth": 26.976801956522188, "randomforestclassifier__max_features": 0.0032829841411068372, "randomforestclassifier__max_leaf_nodes": 2.3370586061549576, "randomforestclassifier__min_samples_leaf": 0.21269684563048058, "randomforestclassifier__min_samples_split": 0.12686240898550982, "randomforestclassifier__min_weight_fraction_leaf": 0.3912284453492624, "randomforestclassifier__n_estimators": 1220.2826687241886, "randomforestclassifier__oob_score": 1.0174195152489012, "randomforestclassifier__verbose": 1.301698287341103}, "datetime": {"datetime": "2019-11-05 14:22:03", "elapsed": 3441.585283, "delta": 44.778717}}
{"target": 0.7000000000000001, "params": {"pca__copy": 1.4704134758627574, "pca__iterated_power": 8.508698555577553, "pca__n_components": 1.424195787954642, "pca__svd_solver": 2.0212548962061176, "pca__tol": 0.13617649072956864, "pca__whiten": 1.508715389928012, "randomforestclassifier__criterion": 0.8587211090502863, "randomforestclassifier__max_depth": 989.5408375990436, "randomforestclassifier__max_features": 0.5158498771000815, "randomforestclassifier__max_leaf_nodes": 18.81738406480711, "randomforestclassifier__min_samples_leaf": 0.04531008306412154, "randomforestclassifier__min_samples_split": 0.6694970636877167, "randomforestclassifier__min_weight_fraction_leaf": 0.2576840689834574, "randomforestclassifier__n_estimators": 1983.033364778944, "randomforestclassifier__oob_score": 1.1259170116731203, "randomforestclassifier__verbose": 1.8694081187435367}, "datetime": {"datetime": "2019-11-05 14:22:57", "elapsed": 3496.309632, "delta": 54.724349}}
{"target": 0.7000000000000001, "params": {"pca__copy": 0.9230496952139436, "pca__iterated_power": 2.137642967877099, "pca__n_components": 18.423513073071636, "pca__svd_solver": 0.09757444981743058, "pca__tol": 0.9711758452553677, "pca__whiten": 1.5576222550668608, "randomforestclassifier__criterion": 1.6807047583501131, "randomforestclassifier__max_depth": 998.4710246879933, "randomforestclassifier__max_features": 0.1411738872550965, "randomforestclassifier__max_leaf_nodes": 18.793602121417184, "randomforestclassifier__min_samples_leaf": 0.491336445153517, "randomforestclassifier__min_samples_split": 0.2554809118496958, "randomforestclassifier__min_weight_fraction_leaf": 0.18574837412407486, "randomforestclassifier__n_estimators": 1997.24772962941, "randomforestclassifier__oob_score": 1.69619253654189, "randomforestclassifier__verbose": 0.4251941410346675}, "datetime": {"datetime": "2019-11-05 14:23:52", "elapsed": 3551.19338, "delta": 54.883748}}
{"target": 0.7000000000000001, "params": {"pca__copy": 0.5479943360916308, "pca__iterated_power": 0.17709266450370298, "pca__n_components": 19.924121054682278, "pca__svd_solver": 2.448815208173098, "pca__tol": 0.16515974070676326, "pca__whiten": 1.0651105152557394, "randomforestclassifier__criterion": 0.34707227500981375, "randomforestclassifier__max_depth": 9.427039454285268, "randomforestclassifier__max_features": 0.7531037737161856, "randomforestclassifier__max_leaf_nodes": 3.2024042746746697, "randomforestclassifier__min_samples_leaf": 0.4831073921078259, "randomforestclassifier__min_samples_split": 0.6585121444770499, "randomforestclassifier__min_weight_fraction_leaf": 0.023047781121051436, "randomforestclassifier__n_estimators": 1954.5325435331056, "randomforestclassifier__oob_score": 1.3646408137406179, "randomforestclassifier__verbose": 0.8057838228452914}, "datetime": {"datetime": "2019-11-05 14:24:41", "elapsed": 3599.851179, "delta": 48.657799}}
{"target": 0.7000000000000001, "params": {"pca__copy": 0.058088368125526035, "pca__iterated_power": 6.010402834742875, "pca__n_components": 1.5577375461175662, "pca__svd_solver": 0.3752146698515122, "pca__tol": 0.22061893041369035, "pca__whiten": 0.648158324502115, "randomforestclassifier__criterion": 0.983901336115323, "randomforestclassifier__max_depth": 975.4735287947409, "randomforestclassifier__max_features": 0.2942141483639261, "randomforestclassifier__max_leaf_nodes": 2.2434489035040035, "randomforestclassifier__min_samples_leaf": 0.2766030411218263, "randomforestclassifier__min_samples_split": 0.7435437816166067, "randomforestclassifier__min_weight_fraction_leaf": 0.009874315454623528, "randomforestclassifier__n_estimators": 419.08193928093743, "randomforestclassifier__oob_score": 0.8471736916512155, "randomforestclassifier__verbose": 0.28241102066440765}, "datetime": {"datetime": "2019-11-05 14:25:09", "elapsed": 3628.092714, "delta": 28.241535}}
{"target": 0.7000000000000001, "params": {"pca__copy": 1.873873664722265, "pca__iterated_power": 0.23395145692152175, "pca__n_components": 1.2521452221613574, "pca__svd_solver": 0.7240935312763798, "pca__tol": 0.8861956867651175, "pca__whiten": 1.512507130178581, "randomforestclassifier__criterion": 0.5663955752010663, "randomforestclassifier__max_depth": 38.835184009172316, "randomforestclassifier__max_features": 0.5511650650440864, "randomforestclassifier__max_leaf_nodes": 2.16247051364718, "randomforestclassifier__min_samples_leaf": 0.12679409887878257, "randomforestclassifier__min_samples_split": 0.7466046587939829, "randomforestclassifier__min_weight_fraction_leaf": 0.40912084750790834, "randomforestclassifier__n_estimators": 1041.8295674195824, "randomforestclassifier__oob_score": 0.9322787605079098, "randomforestclassifier__verbose": 1.0513232977772253}, "datetime": {"datetime": "2019-11-05 14:25:42", "elapsed": 3660.823814, "delta": 32.7311}}
{"target": 0.7000000000000001, "params": {"pca__copy": 0.7013686015941657, "pca__iterated_power": 1.7789239611515062, "pca__n_components": 2.308045133209302, "pca__svd_solver": 0.18031249849534947, "pca__tol": 0.6108037167641074, "pca__whiten": 0.3807070055749404, "randomforestclassifier__criterion": 0.7606946915147507, "randomforestclassifier__max_depth": 981.717606422173, "randomforestclassifier__max_features": 0.9287784146264318, "randomforestclassifier__max_leaf_nodes": 2.3070937191740324, "randomforestclassifier__min_samples_leaf": 0.41819319604588484, "randomforestclassifier__min_samples_split": 0.6080417772883643, "randomforestclassifier__min_weight_fraction_leaf": 0.31375865678185494, "randomforestclassifier__n_estimators": 1998.1615854600466, "randomforestclassifier__oob_score": 1.0270114936521955, "randomforestclassifier__verbose": 1.0700690871891982}, "datetime": {"datetime": "2019-11-05 14:27:01", "elapsed": 3740.01346, "delta": 79.189646}}
{"target": 0.7000000000000001, "params": {"pca__copy": 0.9497492571481737, "pca__iterated_power": 8.814215014206493, "pca__n_components": 19.96417742823498, "pca__svd_solver": 1.3252978817810404, "pca__tol": 0.0037304820555265523, "pca__whiten": 1.1446075522911168, "randomforestclassifier__criterion": 0.16749552182763267, "randomforestclassifier__max_depth": 966.5225557322588, "randomforestclassifier__max_features": 0.91098706278981, "randomforestclassifier__max_leaf_nodes": 2.8332467504617607, "randomforestclassifier__min_samples_leaf": 0.051159260604604406, "randomforestclassifier__min_samples_split": 0.4486624153193156, "randomforestclassifier__min_weight_fraction_leaf": 0.3668444704351554, "randomforestclassifier__n_estimators": 1973.40384317628, "randomforestclassifier__oob_score": 1.587507239143585, "randomforestclassifier__verbose": 1.3756996080966741}, "datetime": {"datetime": "2019-11-05 14:28:40", "elapsed": 3838.51436, "delta": 98.5009}}
{"target": 0.7000000000000001, "params": {"pca__copy": 0.0037665233926003293, "pca__iterated_power": 9.314562983662842, "pca__n_components": 1.565790799713573, "pca__svd_solver": 0.09373693367962466, "pca__tol": 0.8744521232350481, "pca__whiten": 0.7571479658630548, "randomforestclassifier__criterion": 1.7250419134524313, "randomforestclassifier__max_depth": 11.311105093752408, "randomforestclassifier__max_features": 0.06990525663640745, "randomforestclassifier__max_leaf_nodes": 18.861262416669724, "randomforestclassifier__min_samples_leaf": 0.17247441597254975, "randomforestclassifier__min_samples_split": 0.27832665162703074, "randomforestclassifier__min_weight_fraction_leaf": 0.03369935119675854, "randomforestclassifier__n_estimators": 310.9991273355669, "randomforestclassifier__oob_score": 0.5805940582356516, "randomforestclassifier__verbose": 1.8627941967096266}, "datetime": {"datetime": "2019-11-05 14:29:35", "elapsed": 3893.974442, "delta": 55.460082}}
{"target": 0.7000000000000001, "params": {"pca__copy": 0.5403157853868946, "pca__iterated_power": 0.6053852401831705, "pca__n_components": 19.985928901712015, "pca__svd_solver": 1.0675944843209026, "pca__tol": 0.9811013985883479, "pca__whiten": 0.7766374576187833, "randomforestclassifier__criterion": 0.24152090103775245, "randomforestclassifier__max_depth": 39.09664852860785, "randomforestclassifier__max_features": 0.725898390670125, "randomforestclassifier__max_leaf_nodes": 18.77922009087377, "randomforestclassifier__min_samples_leaf": 0.17132916104930568, "randomforestclassifier__min_samples_split": 0.7913335222861024, "randomforestclassifier__min_weight_fraction_leaf": 0.06777478016006405, "randomforestclassifier__n_estimators": 1946.5400942099852, "randomforestclassifier__oob_score": 1.8667890518754253, "randomforestclassifier__verbose": 0.4307332273522163}, "datetime": {"datetime": "2019-11-05 14:30:52", "elapsed": 3970.952884, "delta": 76.978442}}
{"target": 0.7000000000000001, "params": {"pca__copy": 0.7071532745452999, "pca__iterated_power": 8.53107019983378, "pca__n_components": 19.218564732695214, "pca__svd_solver": 1.7551673742030238, "pca__tol": 0.49571819452070653, "pca__whiten": 1.0652282013941399, "randomforestclassifier__criterion": 0.9742689373162637, "randomforestclassifier__max_depth": 12.577000348008308, "randomforestclassifier__max_features": 0.8068879043477725, "randomforestclassifier__max_leaf_nodes": 2.142745928912274, "randomforestclassifier__min_samples_leaf": 0.002316449630948736, "randomforestclassifier__min_samples_split": 0.9374264596818748, "randomforestclassifier__min_weight_fraction_leaf": 0.37806238694729655, "randomforestclassifier__n_estimators": 301.49441254570405, "randomforestclassifier__oob_score": 0.5219386461418509, "randomforestclassifier__verbose": 1.4536483322116776}, "datetime": {"datetime": "2019-11-05 14:31:55", "elapsed": 4033.88961, "delta": 62.936726}}
{"target": 0.7000000000000001, "params": {"pca__copy": 0.29156123428130426, "pca__iterated_power": 9.989084439986096, "pca__n_components": 19.948369280823783, "pca__svd_solver": 1.4103456973899546, "pca__tol": 0.8624261526155643, "pca__whiten": 0.38689363727456716, "randomforestclassifier__criterion": 1.8605124057587719, "randomforestclassifier__max_depth": 865.6445828724897, "randomforestclassifier__max_features": 0.10882501329482619, "randomforestclassifier__max_leaf_nodes": 18.271562533046264, "randomforestclassifier__min_samples_leaf": 0.30473278773601303, "randomforestclassifier__min_samples_split": 0.9519314656007829, "randomforestclassifier__min_weight_fraction_leaf": 0.4671046721787308, "randomforestclassifier__n_estimators": 885.5135678008537, "randomforestclassifier__oob_score": 1.2869510790024983, "randomforestclassifier__verbose": 0.019509526455398562}, "datetime": {"datetime": "2019-11-05 14:33:01", "elapsed": 4100.187353, "delta": 66.297743}}
{"target": 0.7000000000000001, "params": {"pca__copy": 0.1768135054001667, "pca__iterated_power": 8.980812636295278, "pca__n_components": 17.63603903417568, "pca__svd_solver": 1.128355673436158, "pca__tol": 0.7620714877661232, "pca__whiten": 1.7546376088572089, "randomforestclassifier__criterion": 1.8992401290542835, "randomforestclassifier__max_depth": 947.6567448513589, "randomforestclassifier__max_features": 0.12788445668231163, "randomforestclassifier__max_leaf_nodes": 18.406745370654246, "randomforestclassifier__min_samples_leaf": 0.4215781137748376, "randomforestclassifier__min_samples_split": 0.3925444694314294, "randomforestclassifier__min_weight_fraction_leaf": 0.3074278906696666, "randomforestclassifier__n_estimators": 311.7156231895383, "randomforestclassifier__oob_score": 1.4802023179181893, "randomforestclassifier__verbose": 1.6423796410037332}, "datetime": {"datetime": "2019-11-05 14:34:04", "elapsed": 4162.641033, "delta": 62.45368}}
{"target": 0.7000000000000001, "params": {"pca__copy": 1.6819854199711999, "pca__iterated_power": 1.8344792619647532, "pca__n_components": 1.1612344955865932, "pca__svd_solver": 1.528793490496724, "pca__tol": 0.17430433007972915, "pca__whiten": 0.4538813663581483, "randomforestclassifier__criterion": 0.5765493184044316, "randomforestclassifier__max_depth": 1.8271556499893964, "randomforestclassifier__max_features": 0.2915179633718551, "randomforestclassifier__max_leaf_nodes": 18.58982818938395, "randomforestclassifier__min_samples_leaf": 0.08387347794316069, "randomforestclassifier__min_samples_split": 0.9402169401678341, "randomforestclassifier__min_weight_fraction_leaf": 0.0199152831572314, "randomforestclassifier__n_estimators": 1993.7587665261362, "randomforestclassifier__oob_score": 0.8130949615564232, "randomforestclassifier__verbose": 1.0298930445564638}, "datetime": {"datetime": "2019-11-05 14:35:25", "elapsed": 4243.491655, "delta": 80.850622}}
{"target": 0.7000000000000001, "params": {"pca__copy": 1.4439581585364711, "pca__iterated_power": 9.933917714392589, "pca__n_components": 19.216212397424435, "pca__svd_solver": 1.2840344952633673, "pca__tol": 0.16298825451290744, "pca__whiten": 0.4242168711819348, "randomforestclassifier__criterion": 1.608617594976802, "randomforestclassifier__max_depth": 998.9593874787513, "randomforestclassifier__max_features": 0.2832499429232186, "randomforestclassifier__max_leaf_nodes": 2.8370110482716537, "randomforestclassifier__min_samples_leaf": 0.4215861439596526, "randomforestclassifier__min_samples_split": 0.3986600003220119, "randomforestclassifier__min_weight_fraction_leaf": 0.3582276889341496, "randomforestclassifier__n_estimators": 1106.3737907127052, "randomforestclassifier__oob_score": 0.8942672857201385, "randomforestclassifier__verbose": 1.198988386207714}, "datetime": {"datetime": "2019-11-05 14:36:42", "elapsed": 4320.972219, "delta": 77.480564}}
{"target": 0.7000000000000001, "params": {"pca__copy": 1.4901472499755586, "pca__iterated_power": 7.441134459967879, "pca__n_components": 2.552857636254574, "pca__svd_solver": 0.1668692559430227, "pca__tol": 0.3220981106453751, "pca__whiten": 1.2292007925005817, "randomforestclassifier__criterion": 0.21568651913184828, "randomforestclassifier__max_depth": 996.0953553916427, "randomforestclassifier__max_features": 0.8355674634248454, "randomforestclassifier__max_leaf_nodes": 2.0714033911486314, "randomforestclassifier__min_samples_leaf": 0.29194643226461725, "randomforestclassifier__min_samples_split": 0.25314616547901825, "randomforestclassifier__min_weight_fraction_leaf": 0.28220007081633014, "randomforestclassifier__n_estimators": 315.39683102928166, "randomforestclassifier__oob_score": 0.0976616571099454, "randomforestclassifier__verbose": 1.0476385002682809}, "datetime": {"datetime": "2019-11-05 14:37:55", "elapsed": 4393.43977, "delta": 72.467551}}
{"target": 0.7000000000000001, "params": {"pca__copy": 1.5812291319178648, "pca__iterated_power": 9.967180000485225, "pca__n_components": 18.643908495076214, "pca__svd_solver": 2.4118291828295324, "pca__tol": 0.7915277703491298, "pca__whiten": 0.2059878012752325, "randomforestclassifier__criterion": 1.4427282621315924, "randomforestclassifier__max_depth": 999.2309515789076, "randomforestclassifier__max_features": 0.8385920643331566, "randomforestclassifier__max_leaf_nodes": 2.6215098818562357, "randomforestclassifier__min_samples_leaf": 0.11686311218589412, "randomforestclassifier__min_samples_split": 0.6330949280846481, "randomforestclassifier__min_weight_fraction_leaf": 0.4192015143334293, "randomforestclassifier__n_estimators": 1999.6095710048482, "randomforestclassifier__oob_score": 0.9258026929512312, "randomforestclassifier__verbose": 0.45125295496666745}, "datetime": {"datetime": "2019-11-05 14:39:21", "elapsed": 4479.969952, "delta": 86.530182}}
{"target": 0.7000000000000001, "params": {"pca__copy": 0.7352748534980313, "pca__iterated_power": 3.0788885144538094, "pca__n_components": 19.96306173411841, "pca__svd_solver": 0.829210059934602, "pca__tol": 0.2857558557634909, "pca__whiten": 0.020798817312207694, "randomforestclassifier__criterion": 0.3946472481048931, "randomforestclassifier__max_depth": 26.699857171802716, "randomforestclassifier__max_features": 0.41033812578935847, "randomforestclassifier__max_leaf_nodes": 2.1362167928066067, "randomforestclassifier__min_samples_leaf": 0.1266731764732688, "randomforestclassifier__min_samples_split": 0.6255907554889882, "randomforestclassifier__min_weight_fraction_leaf": 0.30744847645046014, "randomforestclassifier__n_estimators": 1960.262823661232, "randomforestclassifier__oob_score": 1.203467018719552, "randomforestclassifier__verbose": 0.3213316123678565}, "datetime": {"datetime": "2019-11-05 14:40:53", "elapsed": 4571.874049, "delta": 91.904097}}
{"target": 0.7000000000000001, "params": {"pca__copy": 1.1256607756116277, "pca__iterated_power": 1.421193606993807, "pca__n_components": 4.501501436935303, "pca__svd_solver": 2.8326208616281794, "pca__tol": 0.6247574501745116, "pca__whiten": 1.7527558856864414, "randomforestclassifier__criterion": 0.608573981290386, "randomforestclassifier__max_depth": 29.674131317768843, "randomforestclassifier__max_features": 0.19647309710940852, "randomforestclassifier__max_leaf_nodes": 3.0443440397536863, "randomforestclassifier__min_samples_leaf": 0.030458963579822473, "randomforestclassifier__min_samples_split": 0.6048857110964717, "randomforestclassifier__min_weight_fraction_leaf": 0.20046041699221506, "randomforestclassifier__n_estimators": 301.0828399881086, "randomforestclassifier__oob_score": 0.714898932249196, "randomforestclassifier__verbose": 0.2000699596346263}, "datetime": {"datetime": "2019-11-05 14:41:52", "elapsed": 4630.601506, "delta": 58.727457}}
{"target": 0.7000000000000001, "params": {"pca__copy": 0.9531987442757581, "pca__iterated_power": 0.23957847683654054, "pca__n_components": 19.03929854853679, "pca__svd_solver": 2.762309824574485, "pca__tol": 0.2609456029617451, "pca__whiten": 1.5862466308338459, "randomforestclassifier__criterion": 1.3944345159305256, "randomforestclassifier__max_depth": 21.0177557067906, "randomforestclassifier__max_features": 0.7598198170169754, "randomforestclassifier__max_leaf_nodes": 17.423877619718084, "randomforestclassifier__min_samples_leaf": 0.417384965244914, "randomforestclassifier__min_samples_split": 0.5101323987788429, "randomforestclassifier__min_weight_fraction_leaf": 0.21430051153503077, "randomforestclassifier__n_estimators": 1229.3018780518191, "randomforestclassifier__oob_score": 0.5965859286301002, "randomforestclassifier__verbose": 1.1363290512108795}, "datetime": {"datetime": "2019-11-05 14:43:05", "elapsed": 4703.845231, "delta": 73.243725}}
