{"target": 0.7000000000000001, "params": {"pca__copy": 0.4321890857993563, "pca__iterated_power": 3.499838922230122, "pca__n_components": 19.98318616558654, "pca__svd_solver": 0.2236677714567359, "pca__tol": 0.13820730255553393, "pca__whiten": 1.8149783971641595, "randomforestclassifier__criterion": 0.20483922700696622, "randomforestclassifier__max_depth": 4.406637206825483, "randomforestclassifier__max_features": 0.36927114495473834, "randomforestclassifier__max_leaf_nodes": 2.566822820222817, "randomforestclassifier__min_samples_leaf": 0.09599148193175178, "randomforestclassifier__min_samples_split": 0.7880928306104362, "randomforestclassifier__min_weight_fraction_leaf": 0.3843267566711274, "randomforestclassifier__n_estimators": 325.33785617758434, "randomforestclassifier__oob_score": 1.2259147871360918, "randomforestclassifier__verbose": 1.2770432095219175}, "datetime": {"datetime": "2019-11-05 14:05:48", "elapsed": 2466.940845, "delta": 30.067061}}
{"target": 0.7000000000000001, "params": {"pca__copy": 0.6749942432204735, "pca__iterated_power": 4.991888307697728, "pca__n_components": 1.2616756715736868, "pca__svd_solver": 2.5127592105492456, "pca__tol": 0.8547184939107267, "pca__whiten": 0.6442669050581852, "randomforestclassifier__criterion": 1.5510449280431067, "randomforestclassifier__max_depth": 2.534924526818215, "randomforestclassifier__max_features": 0.3681278301334794, "randomforestclassifier__max_leaf_nodes": 18.192855450845627, "randomforestclassifier__min_samples_leaf": 0.1872928754794026, "randomforestclassifier__min_samples_split": 0.6521925159717424, "randomforestclassifier__min_weight_fraction_leaf": 0.007965510265152853, "randomforestclassifier__n_estimators": 1997.1000845325143, "randomforestclassifier__oob_score": 0.8346230198385821, "randomforestclassifier__verbose": 1.1605810606427704}, "datetime": {"datetime": "2019-11-05 14:06:34", "elapsed": 2512.363816, "delta": 45.422971}}
{"target": 0.7000000000000001, "params": {"pca__copy": 0.21024457533643293, "pca__iterated_power": 0.44183714131507124, "pca__n_components": 3.8224384467676886, "pca__svd_solver": 0.22279479327145713, "pca__tol": 0.9219392274942003, "pca__whiten": 1.7807702099394092, "randomforestclassifier__criterion": 1.0191814454373271, "randomforestclassifier__max_depth": 991.6573971061097, "randomforestclassifier__max_features": 0.41388534788474385, "randomforestclassifier__max_leaf_nodes": 2.3332035300995706, "randomforestclassifier__min_samples_leaf": 0.4108813515364592, "randomforestclassifier__min_samples_split": 0.07637887420919243, "randomforestclassifier__min_weight_fraction_leaf": 0.1313635728897239, "randomforestclassifier__n_estimators": 336.56861300229735, "randomforestclassifier__oob_score": 1.5180898694654938, "randomforestclassifier__verbose": 0.7689638796317191}, "datetime": {"datetime": "2019-11-05 14:07:01", "elapsed": 2540.164284, "delta": 27.800468}}
{"target": 0.7000000000000001, "params": {"pca__copy": 0.33797416515498024, "pca__iterated_power": 9.973073443913062, "pca__n_components": 19.723889394671563, "pca__svd_solver": 0.010922812223918998, "pca__tol": 0.1825075631039441, "pca__whiten": 0.47922322851143145, "randomforestclassifier__criterion": 0.1908891726549006, "randomforestclassifier__max_depth": 970.4274051816416, "randomforestclassifier__max_features": 0.4604114358421435, "randomforestclassifier__max_leaf_nodes": 18.661291431580533, "randomforestclassifier__min_samples_leaf": 0.21449155008887855, "randomforestclassifier__min_samples_split": 0.016627011513943413, "randomforestclassifier__min_weight_fraction_leaf": 0.07422035064471383, "randomforestclassifier__n_estimators": 1942.1453306923518, "randomforestclassifier__oob_score": 1.8752219057437927, "randomforestclassifier__verbose": 1.5468243653502873}, "datetime": {"datetime": "2019-11-05 14:08:01", "elapsed": 2599.452434, "delta": 59.28815}}
{"target": 0.7000000000000001, "params": {"pca__copy": 1.076626587851397, "pca__iterated_power": 9.563489629618934, "pca__n_components": 19.900542095801452, "pca__svd_solver": 2.3834934221252064, "pca__tol": 0.3207679444516898, "pca__whiten": 0.9745333999616247, "randomforestclassifier__criterion": 0.07783675908116468, "randomforestclassifier__max_depth": 998.1548990081687, "randomforestclassifier__max_features": 0.6227070062081299, "randomforestclassifier__max_leaf_nodes": 4.245202817240007, "randomforestclassifier__min_samples_leaf": 0.48111465710396983, "randomforestclassifier__min_samples_split": 0.8998724036919196, "randomforestclassifier__min_weight_fraction_leaf": 0.07372951701712682, "randomforestclassifier__n_estimators": 1977.1244174901478, "randomforestclassifier__oob_score": 1.8477410279358257, "randomforestclassifier__verbose": 0.6548927069885068}, "datetime": {"datetime": "2019-11-05 14:08:51", "elapsed": 2650.185886, "delta": 50.733452}}
{"target": 0.7000000000000001, "params": {"pca__copy": 0.6109547248997961, "pca__iterated_power": 0.15454621403549362, "pca__n_components": 1.4111649724373043, "pca__svd_solver": 0.8453602341814711, "pca__tol": 0.7255210442249693, "pca__whiten": 0.10987345535877148, "randomforestclassifier__criterion": 0.49674613830344866, "randomforestclassifier__max_depth": 13.420632900635828, "randomforestclassifier__max_features": 0.44419889327421935, "randomforestclassifier__max_leaf_nodes": 17.468499621680383, "randomforestclassifier__min_samples_leaf": 0.13505072691543107, "randomforestclassifier__min_samples_split": 0.8990621991798996, "randomforestclassifier__min_weight_fraction_leaf": 0.29779736702473214, "randomforestclassifier__n_estimators": 1953.0745141101593, "randomforestclassifier__oob_score": 1.1819176072932862, "randomforestclassifier__verbose": 1.629374460600374}, "datetime": {"datetime": "2019-11-05 14:09:40", "elapsed": 2699.003118, "delta": 48.817232}}
{"target": 0.7000000000000001, "params": {"pca__copy": 0.8521901016440182, "pca__iterated_power": 0.6457077389136912, "pca__n_components": 1.6285398010353185, "pca__svd_solver": 2.2869869204504156, "pca__tol": 0.9828219541954543, "pca__whiten": 0.7056702257415866, "randomforestclassifier__criterion": 1.6752377235401212, "randomforestclassifier__max_depth": 19.715015690266256, "randomforestclassifier__max_features": 0.9896444230002549, "randomforestclassifier__max_leaf_nodes": 3.137681155016491, "randomforestclassifier__min_samples_leaf": 0.11235124014296294, "randomforestclassifier__min_samples_split": 0.16699426411641982, "randomforestclassifier__min_weight_fraction_leaf": 0.2777256759021302, "randomforestclassifier__n_estimators": 305.8948460724492, "randomforestclassifier__oob_score": 1.0606097234760603, "randomforestclassifier__verbose": 1.28727267453492}, "datetime": {"datetime": "2019-11-05 14:10:09", "elapsed": 2727.925187, "delta": 28.922069}}
{"target": 0.7000000000000001, "params": {"pca__copy": 0.29074194572730017, "pca__iterated_power": 0.11081481316074004, "pca__n_components": 1.5576489350514473, "pca__svd_solver": 0.15520724417773224, "pca__tol": 0.7014763827172781, "pca__whiten": 0.19006868567643836, "randomforestclassifier__criterion": 0.5738739975428262, "randomforestclassifier__max_depth": 989.622701911877, "randomforestclassifier__max_features": 0.36741569828152454, "randomforestclassifier__max_leaf_nodes": 2.5551011602577356, "randomforestclassifier__min_samples_leaf": 0.11850758915444998, "randomforestclassifier__min_samples_split": 0.24737241073526228, "randomforestclassifier__min_weight_fraction_leaf": 0.18227194800981994, "randomforestclassifier__n_estimators": 1956.7820755297507, "randomforestclassifier__oob_score": 0.04779295265855183, "randomforestclassifier__verbose": 1.087592469273672}, "datetime": {"datetime": "2019-11-05 14:10:58", "elapsed": 2776.849229, "delta": 48.924042}}
{"target": 0.7000000000000001, "params": {"pca__copy": 1.853731929486773, "pca__iterated_power": 0.8644953174359038, "pca__n_components": 1.001883742914098, "pca__svd_solver": 0.07694262248703132, "pca__tol": 0.8729360701663625, "pca__whiten": 1.0498455962278928, "randomforestclassifier__criterion": 1.8315052652142676, "randomforestclassifier__max_depth": 965.1196818592996, "randomforestclassifier__max_features": 0.997287285752218, "randomforestclassifier__max_leaf_nodes": 4.1281037786447925, "randomforestclassifier__min_samples_leaf": 0.12289581322086568, "randomforestclassifier__min_samples_split": 0.2461696346814335, "randomforestclassifier__min_weight_fraction_leaf": 0.4352423568854404, "randomforestclassifier__n_estimators": 307.2726871237974, "randomforestclassifier__oob_score": 0.599460087812652, "randomforestclassifier__verbose": 1.881634687077518}, "datetime": {"datetime": "2019-11-05 14:11:26", "elapsed": 2804.782591, "delta": 27.933362}}
{"target": 0.7000000000000001, "params": {"pca__copy": 0.3630681442336476, "pca__iterated_power": 8.435986727652766, "pca__n_components": 19.58416069220607, "pca__svd_solver": 0.09006350902313687, "pca__tol": 0.15038496413137692, "pca__whiten": 1.1212249085001995, "randomforestclassifier__criterion": 1.6197556959769923, "randomforestclassifier__max_depth": 25.164152663638756, "randomforestclassifier__max_features": 0.16197466461126486, "randomforestclassifier__max_leaf_nodes": 18.644711723911524, "randomforestclassifier__min_samples_leaf": 0.15797018765348453, "randomforestclassifier__min_samples_split": 0.2874775879455327, "randomforestclassifier__min_weight_fraction_leaf": 0.1482348027538402, "randomforestclassifier__n_estimators": 1227.2664101748355, "randomforestclassifier__oob_score": 1.0883565191391953, "randomforestclassifier__verbose": 0.4587516213772405}, "datetime": {"datetime": "2019-11-05 14:12:11", "elapsed": 2849.361578, "delta": 44.578987}}
{"target": 0.7000000000000001, "params": {"pca__copy": 0.5536548808156382, "pca__iterated_power": 7.842072329597112, "pca__n_components": 1.2709836630978688, "pca__svd_solver": 2.1427307300587852, "pca__tol": 0.3624944297588496, "pca__whiten": 1.706105333063446, "randomforestclassifier__criterion": 0.6070716201809585, "randomforestclassifier__max_depth": 4.854964024095224, "randomforestclassifier__max_features": 0.45041347380594066, "randomforestclassifier__max_leaf_nodes": 2.0998688719247, "randomforestclassifier__min_samples_leaf": 0.20526791771941572, "randomforestclassifier__min_samples_split": 0.75849501120537, "randomforestclassifier__min_weight_fraction_leaf": 0.11786631976297535, "randomforestclassifier__n_estimators": 1979.1105834727769, "randomforestclassifier__oob_score": 0.4514873929838491, "randomforestclassifier__verbose": 0.20804549136541023}, "datetime": {"datetime": "2019-11-05 14:12:59", "elapsed": 2897.985679, "delta": 48.624101}}
{"target": 0.7000000000000001, "params": {"pca__copy": 0.9548177826644582, "pca__iterated_power": 0.4359112435613721, "pca__n_components": 1.0654541646092555, "pca__svd_solver": 1.5456949756392446, "pca__tol": 0.9389845869573689, "pca__whiten": 0.6232749211348104, "randomforestclassifier__criterion": 0.13155700446620253, "randomforestclassifier__max_depth": 998.1007095357428, "randomforestclassifier__max_features": 0.31310417639218, "randomforestclassifier__max_leaf_nodes": 18.865151770180645, "randomforestclassifier__min_samples_leaf": 0.398434722786854, "randomforestclassifier__min_samples_split": 0.949267711272557, "randomforestclassifier__min_weight_fraction_leaf": 0.0921092327988397, "randomforestclassifier__n_estimators": 1164.0040863813888, "randomforestclassifier__oob_score": 1.5529471142531475, "randomforestclassifier__verbose": 1.1954439245729658}, "datetime": {"datetime": "2019-11-05 14:13:39", "elapsed": 2937.507102, "delta": 39.521423}}
{"target": 0.7000000000000001, "params": {"pca__copy": 1.2677031070333433, "pca__iterated_power": 8.672046867935512, "pca__n_components": 19.51673636351386, "pca__svd_solver": 0.7349734920108096, "pca__tol": 0.47561751387205914, "pca__whiten": 0.4921608689360105, "randomforestclassifier__criterion": 0.19902071470161253, "randomforestclassifier__max_depth": 993.3223838652541, "randomforestclassifier__max_features": 0.150939246458081, "randomforestclassifier__max_leaf_nodes": 5.198476061695549, "randomforestclassifier__min_samples_leaf": 0.4060482956750378, "randomforestclassifier__min_samples_split": 0.39700726228180316, "randomforestclassifier__min_weight_fraction_leaf": 0.242703342579914, "randomforestclassifier__n_estimators": 315.24737554826953, "randomforestclassifier__oob_score": 1.1165196315306025, "randomforestclassifier__verbose": 1.0055063156423938}, "datetime": {"datetime": "2019-11-05 14:14:10", "elapsed": 2969.284944, "delta": 31.777842}}
{"target": 0.7000000000000001, "params": {"pca__copy": 1.4025942282539954, "pca__iterated_power": 9.456112204689337, "pca__n_components": 1.3484334758744363, "pca__svd_solver": 2.300056792106494, "pca__tol": 0.4768877261949758, "pca__whiten": 1.4610938774397761, "randomforestclassifier__criterion": 0.20150385210248425, "randomforestclassifier__max_depth": 5.5547709198736595, "randomforestclassifier__max_features": 0.7878262517209205, "randomforestclassifier__max_leaf_nodes": 2.764280171447332, "randomforestclassifier__min_samples_leaf": 0.20543875938115053, "randomforestclassifier__min_samples_split": 0.12605627086077387, "randomforestclassifier__min_weight_fraction_leaf": 0.08016072111216038, "randomforestclassifier__n_estimators": 928.0578179210961, "randomforestclassifier__oob_score": 1.115572994007574, "randomforestclassifier__verbose": 0.613088266316633}, "datetime": {"datetime": "2019-11-05 14:14:49", "elapsed": 3008.351732, "delta": 39.066788}}
{"target": 0.7000000000000001, "params": {"pca__copy": 0.9531258926453086, "pca__iterated_power": 8.120394684632004, "pca__n_components": 1.5183696326005673, "pca__svd_solver": 2.0220862408046787, "pca__tol": 0.5412215007219854, "pca__whiten": 0.9070617778477528, "randomforestclassifier__criterion": 1.866089722962815, "randomforestclassifier__max_depth": 968.3699934958369, "randomforestclassifier__max_features": 0.6212692999346288, "randomforestclassifier__max_leaf_nodes": 2.473233103025006, "randomforestclassifier__min_samples_leaf": 0.3071213991884191, "randomforestclassifier__min_samples_split": 0.7625851754595988, "randomforestclassifier__min_weight_fraction_leaf": 0.35408715796377915, "randomforestclassifier__n_estimators": 1958.365887777872, "randomforestclassifier__oob_score": 1.346638384718843, "randomforestclassifier__verbose": 1.2441085165953938}, "datetime": {"datetime": "2019-11-05 14:15:42", "elapsed": 3060.49963, "delta": 52.147898}}
{"target": 0.7000000000000001, "params": {"pca__copy": 0.6363747969590117, "pca__iterated_power": 9.617038295950485, "pca__n_components": 19.64677639845841, "pca__svd_solver": 1.7450819127506334, "pca__tol": 0.05687328659123375, "pca__whiten": 0.1367464636773919, "randomforestclassifier__criterion": 0.48510791310754053, "randomforestclassifier__max_depth": 18.241412013132997, "randomforestclassifier__max_features": 0.4766459835557817, "randomforestclassifier__max_leaf_nodes": 2.8170911945728756, "randomforestclassifier__min_samples_leaf": 0.13744794610603522, "randomforestclassifier__min_samples_split": 0.784856002287727, "randomforestclassifier__min_weight_fraction_leaf": 0.4106272884362246, "randomforestclassifier__n_estimators": 1999.409053718052, "randomforestclassifier__oob_score": 1.7362715752557751, "randomforestclassifier__verbose": 1.2116195636748581}, "datetime": {"datetime": "2019-11-05 14:16:33", "elapsed": 3111.938494, "delta": 51.438864}}
{"target": 0.7000000000000001, "params": {"pca__copy": 0.9219909840950701, "pca__iterated_power": 8.976115240740267, "pca__n_components": 19.95402712065734, "pca__svd_solver": 2.2174213576903314, "pca__tol": 0.05542096764531907, "pca__whiten": 1.5725401658373093, "randomforestclassifier__criterion": 1.8161429755745158, "randomforestclassifier__max_depth": 41.69531779665166, "randomforestclassifier__max_features": 0.14739344819345923, "randomforestclassifier__max_leaf_nodes": 18.989562498894777, "randomforestclassifier__min_samples_leaf": 0.35226647343933465, "randomforestclassifier__min_samples_split": 0.3509382633820517, "randomforestclassifier__min_weight_fraction_leaf": 0.09917875453226693, "randomforestclassifier__n_estimators": 339.03318309247555, "randomforestclassifier__oob_score": 0.3901200722106879, "randomforestclassifier__verbose": 1.5106420745657758}, "datetime": {"datetime": "2019-11-05 14:17:00", "elapsed": 3138.531661, "delta": 26.593167}}
{"target": 0.7000000000000001, "params": {"pca__copy": 0.054699658079228136, "pca__iterated_power": 0.23860866547174897, "pca__n_components": 1.9657788708203523, "pca__svd_solver": 1.269849284025248, "pca__tol": 0.10617745395773524, "pca__whiten": 0.8261178309107563, "randomforestclassifier__criterion": 1.8373286095107493, "randomforestclassifier__max_depth": 966.2207708677676, "randomforestclassifier__max_features": 0.6837110749664858, "randomforestclassifier__max_leaf_nodes": 18.570077051838872, "randomforestclassifier__min_samples_leaf": 0.1809527258955555, "randomforestclassifier__min_samples_split": 0.5003944382926352, "randomforestclassifier__min_weight_fraction_leaf": 0.11232712709674564, "randomforestclassifier__n_estimators": 1203.2023402240316, "randomforestclassifier__oob_score": 1.1169983785376665, "randomforestclassifier__verbose": 1.629523199821811}, "datetime": {"datetime": "2019-11-05 14:17:45", "elapsed": 3184.319486, "delta": 45.787825}}
{"target": 0.7000000000000001, "params": {"pca__copy": 1.8337228958612357, "pca__iterated_power": 9.846195353392114, "pca__n_components": 17.9809468717634, "pca__svd_solver": 1.5873979899795316, "pca__tol": 0.9157859305621823, "pca__whiten": 0.612463130590711, "randomforestclassifier__criterion": 0.08388092814920323, "randomforestclassifier__max_depth": 981.7559556310381, "randomforestclassifier__max_features": 0.48200970734405246, "randomforestclassifier__max_leaf_nodes": 18.3446611029605, "randomforestclassifier__min_samples_leaf": 0.48955475190803427, "randomforestclassifier__min_samples_split": 0.386486621199576, "randomforestclassifier__min_weight_fraction_leaf": 0.41017276411181347, "randomforestclassifier__n_estimators": 342.4437965930987, "randomforestclassifier__oob_score": 0.47845449626139736, "randomforestclassifier__verbose": 1.0412486985403393}, "datetime": {"datetime": "2019-11-05 14:18:16", "elapsed": 3214.965737, "delta": 30.646251}}
{"target": 0.7000000000000001, "params": {"pca__copy": 0.6448020468594401, "pca__iterated_power": 9.967977793924275, "pca__n_components": 1.0447736558823666, "pca__svd_solver": 0.16614839459241582, "pca__tol": 0.19534154486468688, "pca__whiten": 1.8010893339463858, "randomforestclassifier__criterion": 0.13546848038019896, "randomforestclassifier__max_depth": 994.8687127037927, "randomforestclassifier__max_features": 0.22639915251297438, "randomforestclassifier__max_leaf_nodes": 18.749631913791287, "randomforestclassifier__min_samples_leaf": 0.12603206960808844, "randomforestclassifier__min_samples_split": 0.481437917693869, "randomforestclassifier__min_weight_fraction_leaf": 0.3800679340413419, "randomforestclassifier__n_estimators": 372.19695186559403, "randomforestclassifier__oob_score": 1.017441431933913, "randomforestclassifier__verbose": 1.6175113963269125}, "datetime": {"datetime": "2019-11-05 14:18:49", "elapsed": 3248.189877, "delta": 33.22414}}
{"target": 0.7000000000000001, "params": {"pca__copy": 0.5063470312839189, "pca__iterated_power": 8.338266584100316, "pca__n_components": 1.0231254146219357, "pca__svd_solver": 2.816406681134722, "pca__tol": 0.34847590032479125, "pca__whiten": 1.6355522336447432, "randomforestclassifier__criterion": 0.6616172465499216, "randomforestclassifier__max_depth": 11.417603971701086, "randomforestclassifier__max_features": 0.18413573379927028, "randomforestclassifier__max_leaf_nodes": 18.99544248014568, "randomforestclassifier__min_samples_leaf": 0.1541861412057443, "randomforestclassifier__min_samples_split": 0.45503343356671977, "randomforestclassifier__min_weight_fraction_leaf": 0.2726290488704892, "randomforestclassifier__n_estimators": 329.09917967840676, "randomforestclassifier__oob_score": 1.7371417731687269, "randomforestclassifier__verbose": 0.9164016095916543}, "datetime": {"datetime": "2019-11-05 14:19:21", "elapsed": 3279.722546, "delta": 31.532669}}
{"target": 0.7000000000000001, "params": {"pca__copy": 1.4247794007096788, "pca__iterated_power": 0.3171665424414294, "pca__n_components": 19.77785852752397, "pca__svd_solver": 1.015913684518912, "pca__tol": 0.6750421067708448, "pca__whiten": 1.3619782142477501, "randomforestclassifier__criterion": 0.7730842204100681, "randomforestclassifier__max_depth": 975.2504691236365, "randomforestclassifier__max_features": 0.19606307095858533, "randomforestclassifier__max_leaf_nodes": 18.664145241336797, "randomforestclassifier__min_samples_leaf": 0.1084751767238839, "randomforestclassifier__min_samples_split": 0.9771970780690385, "randomforestclassifier__min_weight_fraction_leaf": 0.27184428243290903, "randomforestclassifier__n_estimators": 1079.837508648809, "randomforestclassifier__oob_score": 0.42704370023447985, "randomforestclassifier__verbose": 0.31735295715847384}, "datetime": {"datetime": "2019-11-05 14:19:58", "elapsed": 3316.632965, "delta": 36.910419}}
