{"target": 0.7000000000000001, "params": {"pca__copy": 0.5722792493265507, "pca__iterated_power": 5.742421538000903, "pca__n_components": 1.7016017894492648, "pca__svd_solver": 2.159104038582546, "pca__tol": 0.8632950708928241, "pca__whiten": 1.6326414905413147, "randomforestclassifier__criterion": 0.047039632950725836, "randomforestclassifier__max_depth": 15.42109227771785, "randomforestclassifier__max_features": 0.80759159945544, "randomforestclassifier__max_leaf_nodes": 18.775124095601555, "randomforestclassifier__min_samples_leaf": 0.27427785841480123, "randomforestclassifier__min_samples_split": 0.7045244264293199, "randomforestclassifier__min_weight_fraction_leaf": 0.43921181269702164, "randomforestclassifier__n_estimators": 330.41279009856765, "randomforestclassifier__oob_score": 0.08175052333659978, "randomforestclassifier__verbose": 1.768451402692292}, "datetime": {"datetime": "2019-11-05 13:36:28", "elapsed": 706.528883, "delta": 30.090328}}
{"target": 0.7000000000000001, "params": {"pca__copy": 1.3748179123821285, "pca__iterated_power": 4.387622236178141, "pca__n_components": 18.200798005113768, "pca__svd_solver": 2.9516495754333567, "pca__tol": 0.2884223718057429, "pca__whiten": 0.8535414395347508, "randomforestclassifier__criterion": 0.3076028156657474, "randomforestclassifier__max_depth": 999.7093227878926, "randomforestclassifier__max_features": 0.1553067669571091, "randomforestclassifier__max_leaf_nodes": 18.610135202123065, "randomforestclassifier__min_samples_leaf": 0.245866250444215, "randomforestclassifier__min_samples_split": 0.05547966317663644, "randomforestclassifier__min_weight_fraction_leaf": 0.30030376721648117, "randomforestclassifier__n_estimators": 310.1069284339822, "randomforestclassifier__oob_score": 1.317799368224132, "randomforestclassifier__verbose": 0.2386571541005283}, "datetime": {"datetime": "2019-11-05 13:37:01", "elapsed": 740.095769, "delta": 33.566886}}
{"target": 0.7000000000000001, "params": {"pca__copy": 0.6965577610885916, "pca__iterated_power": 6.375535811645516, "pca__n_components": 19.988959832828826, "pca__svd_solver": 0.686046419703161, "pca__tol": 0.8435218401705931, "pca__whiten": 0.9113571713733086, "randomforestclassifier__criterion": 1.3237917935761965, "randomforestclassifier__max_depth": 1.4044590751610084, "randomforestclassifier__max_features": 0.26181829539137313, "randomforestclassifier__max_leaf_nodes": 14.483685819154344, "randomforestclassifier__min_samples_leaf": 0.034184630880085776, "randomforestclassifier__min_samples_split": 0.22641593000685423, "randomforestclassifier__min_weight_fraction_leaf": 0.2470438874467698, "randomforestclassifier__n_estimators": 1999.326641648373, "randomforestclassifier__oob_score": 1.4757482623072873, "randomforestclassifier__verbose": 0.4268610542480551}, "datetime": {"datetime": "2019-11-05 13:38:03", "elapsed": 801.561544, "delta": 61.465775}}
{"target": 0.7000000000000001, "params": {"pca__copy": 0.5779356518378213, "pca__iterated_power": 9.947441659378672, "pca__n_components": 1.1634452559103894, "pca__svd_solver": 0.5057459754834153, "pca__tol": 0.5347671935990634, "pca__whiten": 0.41515612057699625, "randomforestclassifier__criterion": 1.29924345398377, "randomforestclassifier__max_depth": 996.4913444155029, "randomforestclassifier__max_features": 0.7335240054647573, "randomforestclassifier__max_leaf_nodes": 3.977947859654657, "randomforestclassifier__min_samples_leaf": 0.23391905950377856, "randomforestclassifier__min_samples_split": 0.12173246808293892, "randomforestclassifier__min_weight_fraction_leaf": 0.4165034817194991, "randomforestclassifier__n_estimators": 1965.6976456407504, "randomforestclassifier__oob_score": 0.6463153955143365, "randomforestclassifier__verbose": 0.3006397097134788}, "datetime": {"datetime": "2019-11-05 13:38:52", "elapsed": 850.557422, "delta": 48.995878}}
{"target": 0.7000000000000001, "params": {"pca__copy": 0.06602250838327255, "pca__iterated_power": 2.2279245880613283, "pca__n_components": 2.301952063245641, "pca__svd_solver": 0.7385859198554493, "pca__tol": 0.047668087663834784, "pca__whiten": 0.8489699754291521, "randomforestclassifier__criterion": 0.7534952528499698, "randomforestclassifier__max_depth": 979.7124266840009, "randomforestclassifier__max_features": 0.5025351544481419, "randomforestclassifier__max_leaf_nodes": 18.653332861325833, "randomforestclassifier__min_samples_leaf": 0.019493124324527822, "randomforestclassifier__min_samples_split": 0.5092269343593275, "randomforestclassifier__min_weight_fraction_leaf": 0.4878559796460315, "randomforestclassifier__n_estimators": 304.5791054277764, "randomforestclassifier__oob_score": 0.38304226684516063, "randomforestclassifier__verbose": 1.5475028398572084}, "datetime": {"datetime": "2019-11-05 13:39:21", "elapsed": 880.289842, "delta": 29.73242}}
{"target": 0.7000000000000001, "params": {"pca__copy": 1.3982923695566343, "pca__iterated_power": 5.3169966614340956, "pca__n_components": 2.333097348894886, "pca__svd_solver": 1.0182962661544597, "pca__tol": 0.5689170030938221, "pca__whiten": 1.751332537830467, "randomforestclassifier__criterion": 1.2079771076099097, "randomforestclassifier__max_depth": 26.41590390678752, "randomforestclassifier__max_features": 0.7562882520457046, "randomforestclassifier__max_leaf_nodes": 2.480786143943104, "randomforestclassifier__min_samples_leaf": 0.08755828502897894, "randomforestclassifier__min_samples_split": 0.20115079907036348, "randomforestclassifier__min_weight_fraction_leaf": 0.4040769965293464, "randomforestclassifier__n_estimators": 300.61793665027545, "randomforestclassifier__oob_score": 1.4862873856426002, "randomforestclassifier__verbose": 1.3459272243331732}, "datetime": {"datetime": "2019-11-05 13:39:50", "elapsed": 908.88987, "delta": 28.600028}}
{"target": 0.7000000000000001, "params": {"pca__copy": 0.288747411899584, "pca__iterated_power": 9.679298294893211, "pca__n_components": 19.170529519472744, "pca__svd_solver": 0.25434174666416753, "pca__tol": 0.19116702934506258, "pca__whiten": 0.05936935039914218, "randomforestclassifier__criterion": 1.6636823880053544, "randomforestclassifier__max_depth": 17.41976132290981, "randomforestclassifier__max_features": 0.0063043086819917216, "randomforestclassifier__max_leaf_nodes": 17.70257424137447, "randomforestclassifier__min_samples_leaf": 0.055445953621252875, "randomforestclassifier__min_samples_split": 0.673102961379453, "randomforestclassifier__min_weight_fraction_leaf": 0.28628270760200136, "randomforestclassifier__n_estimators": 1992.7042620890754, "randomforestclassifier__oob_score": 1.8996200859881904, "randomforestclassifier__verbose": 1.4741171598812841}, "datetime": {"datetime": "2019-11-05 13:40:41", "elapsed": 960.218007, "delta": 51.328137}}
{"target": 0.7000000000000001, "params": {"pca__copy": 1.131654333113986, "pca__iterated_power": 9.94444800561369, "pca__n_components": 1.2141212670766108, "pca__svd_solver": 2.6021921458515367, "pca__tol": 0.7745364664207173, "pca__whiten": 0.9194801199165334, "randomforestclassifier__criterion": 0.46948841904395744, "randomforestclassifier__max_depth": 967.872858759025, "randomforestclassifier__max_features": 0.030147585279084343, "randomforestclassifier__max_leaf_nodes": 17.95501677580124, "randomforestclassifier__min_samples_leaf": 0.03678822182885372, "randomforestclassifier__min_samples_split": 0.05263417579251917, "randomforestclassifier__min_weight_fraction_leaf": 0.37121236210253605, "randomforestclassifier__n_estimators": 1993.6028886539295, "randomforestclassifier__oob_score": 1.3297253880229674, "randomforestclassifier__verbose": 1.6163384879799714}, "datetime": {"datetime": "2019-11-05 13:41:34", "elapsed": 1013.047821, "delta": 52.829814}}
{"target": 0.7000000000000001, "params": {"pca__copy": 0.20489472870226574, "pca__iterated_power": 9.604307460562735, "pca__n_components": 19.265590165814412, "pca__svd_solver": 2.428741105885544, "pca__tol": 0.5360671549202188, "pca__whiten": 0.7520237490324181, "randomforestclassifier__criterion": 0.9197260591688504, "randomforestclassifier__max_depth": 997.8267835700833, "randomforestclassifier__max_features": 0.5756273467312916, "randomforestclassifier__max_leaf_nodes": 4.598414829975518, "randomforestclassifier__min_samples_leaf": 0.28384144701207525, "randomforestclassifier__min_samples_split": 0.9393737202809435, "randomforestclassifier__min_weight_fraction_leaf": 0.15555537799462943, "randomforestclassifier__n_estimators": 323.95018147877107, "randomforestclassifier__oob_score": 0.35485400321758825, "randomforestclassifier__verbose": 1.5147629337062969}, "datetime": {"datetime": "2019-11-05 13:42:03", "elapsed": 1041.52609, "delta": 28.478269}}
{"target": 0.7000000000000001, "params": {"pca__copy": 0.5203137138341878, "pca__iterated_power": 8.805336933710777, "pca__n_components": 18.34363612537691, "pca__svd_solver": 0.23852881313822538, "pca__tol": 0.8730477109727599, "pca__whiten": 0.2355764783843498, "randomforestclassifier__criterion": 0.43198688760973253, "randomforestclassifier__max_depth": 14.268044440513327, "randomforestclassifier__max_features": 0.4894768573207009, "randomforestclassifier__max_leaf_nodes": 18.91697020849988, "randomforestclassifier__min_samples_leaf": 0.3731857200968042, "randomforestclassifier__min_samples_split": 0.4521304338526231, "randomforestclassifier__min_weight_fraction_leaf": 0.11049223626979804, "randomforestclassifier__n_estimators": 303.46732601797754, "randomforestclassifier__oob_score": 0.7241252114380996, "randomforestclassifier__verbose": 1.1642791185306542}, "datetime": {"datetime": "2019-11-05 13:42:29", "elapsed": 1067.929154, "delta": 26.403064}}
{"target": 0.7000000000000001, "params": {"pca__copy": 0.6094993233753454, "pca__iterated_power": 1.150096101907474, "pca__n_components": 6.403593563639564, "pca__svd_solver": 0.6253463620462115, "pca__tol": 0.43310768126279925, "pca__whiten": 0.1852629487198117, "randomforestclassifier__criterion": 1.2375921950453477, "randomforestclassifier__max_depth": 14.472092057509098, "randomforestclassifier__max_features": 0.60269051354452, "randomforestclassifier__max_leaf_nodes": 2.369771268401975, "randomforestclassifier__min_samples_leaf": 0.4524320805792659, "randomforestclassifier__min_samples_split": 0.44704437359460203, "randomforestclassifier__min_weight_fraction_leaf": 0.24963588028064132, "randomforestclassifier__n_estimators": 1991.8357875345487, "randomforestclassifier__oob_score": 1.5741895535029409, "randomforestclassifier__verbose": 0.9731632794815341}, "datetime": {"datetime": "2019-11-05 13:43:19", "elapsed": 1118.304249, "delta": 50.375095}}
{"target": 0.7000000000000001, "params": {"pca__copy": 0.4856455979498455, "pca__iterated_power": 4.8113950403750625, "pca__n_components": 19.219928214158326, "pca__svd_solver": 2.7085003394381575, "pca__tol": 0.6884544067319295, "pca__whiten": 0.6655645510515551, "randomforestclassifier__criterion": 1.3943212789599404, "randomforestclassifier__max_depth": 977.5073246599912, "randomforestclassifier__max_features": 0.8890650477093317, "randomforestclassifier__max_leaf_nodes": 18.856647114061722, "randomforestclassifier__min_samples_leaf": 0.4094300251917129, "randomforestclassifier__min_samples_split": 0.974848481336761, "randomforestclassifier__min_weight_fraction_leaf": 0.08214118232081735, "randomforestclassifier__n_estimators": 1996.346639645788, "randomforestclassifier__oob_score": 0.7610514272632216, "randomforestclassifier__verbose": 0.4346212623074529}, "datetime": {"datetime": "2019-11-05 13:44:03", "elapsed": 1162.067796, "delta": 43.763547}}
{"target": 0.7000000000000001, "params": {"pca__copy": 1.1586035836915005, "pca__iterated_power": 9.006081022403224, "pca__n_components": 1.197120740487211, "pca__svd_solver": 1.7002951591601903, "pca__tol": 0.8176765088434114, "pca__whiten": 1.867899362646071, "randomforestclassifier__criterion": 1.4377456965713853, "randomforestclassifier__max_depth": 18.346649160018725, "randomforestclassifier__max_features": 0.794215280318411, "randomforestclassifier__max_leaf_nodes": 18.357553921587836, "randomforestclassifier__min_samples_leaf": 0.44497473621055167, "randomforestclassifier__min_samples_split": 0.08139757797943048, "randomforestclassifier__min_weight_fraction_leaf": 0.03844725512796732, "randomforestclassifier__n_estimators": 312.872561926113, "randomforestclassifier__oob_score": 0.29898239852550695, "randomforestclassifier__verbose": 1.4437188117882658}, "datetime": {"datetime": "2019-11-05 13:44:30", "elapsed": 1188.536701, "delta": 26.468905}}
{"target": 0.7000000000000001, "params": {"pca__copy": 0.8548611019899394, "pca__iterated_power": 1.1471036352814235, "pca__n_components": 19.182937664636583, "pca__svd_solver": 0.6638008219870589, "pca__tol": 0.9354758091798228, "pca__whiten": 0.655568781131837, "randomforestclassifier__criterion": 1.4183204974827448, "randomforestclassifier__max_depth": 989.5117539558076, "randomforestclassifier__max_features": 0.5974314316073567, "randomforestclassifier__max_leaf_nodes": 4.593446173604857, "randomforestclassifier__min_samples_leaf": 0.06041272312272389, "randomforestclassifier__min_samples_split": 0.2185733566849808, "randomforestclassifier__min_weight_fraction_leaf": 0.47101247282508146, "randomforestclassifier__n_estimators": 307.99339990387443, "randomforestclassifier__oob_score": 1.291686214376188, "randomforestclassifier__verbose": 0.7415364054693934}, "datetime": {"datetime": "2019-11-05 13:44:59", "elapsed": 1217.696421, "delta": 29.15972}}
{"target": 0.7000000000000001, "params": {"pca__copy": 1.882873316815116, "pca__iterated_power": 2.1525894197954356, "pca__n_components": 19.023405550051915, "pca__svd_solver": 2.6269043809947794, "pca__tol": 0.6906254529476128, "pca__whiten": 0.3824456265970397, "randomforestclassifier__criterion": 1.7056423636277978, "randomforestclassifier__max_depth": 13.311854921343256, "randomforestclassifier__max_features": 0.055923294057702355, "randomforestclassifier__max_leaf_nodes": 2.4436497887604327, "randomforestclassifier__min_samples_leaf": 0.33082758169247867, "randomforestclassifier__min_samples_split": 0.891518622976693, "randomforestclassifier__min_weight_fraction_leaf": 0.4204423954438562, "randomforestclassifier__n_estimators": 1997.6728731481019, "randomforestclassifier__oob_score": 1.1998560272957466, "randomforestclassifier__verbose": 0.795332044559123}, "datetime": {"datetime": "2019-11-05 13:45:50", "elapsed": 1269.334251, "delta": 51.63783}}
{"target": 0.7000000000000001, "params": {"pca__copy": 1.8083051406613322, "pca__iterated_power": 0.4892948145727527, "pca__n_components": 1.4005759950863048, "pca__svd_solver": 1.2492584898784918, "pca__tol": 0.9533705180348462, "pca__whiten": 0.19691353524660024, "randomforestclassifier__criterion": 1.2953818507725758, "randomforestclassifier__max_depth": 979.1505192946616, "randomforestclassifier__max_features": 0.2292321900521025, "randomforestclassifier__max_leaf_nodes": 2.257625900279843, "randomforestclassifier__min_samples_leaf": 0.2799258305328187, "randomforestclassifier__min_samples_split": 0.5871184185881825, "randomforestclassifier__min_weight_fraction_leaf": 0.36243014655839023, "randomforestclassifier__n_estimators": 1988.2390933212462, "randomforestclassifier__oob_score": 0.3465930314044894, "randomforestclassifier__verbose": 1.4409626596150058}, "datetime": {"datetime": "2019-11-05 13:46:40", "elapsed": 1318.57052, "delta": 49.236269}}
{"target": 0.7000000000000001, "params": {"pca__copy": 0.5266943634566418, "pca__iterated_power": 9.877273954389548, "pca__n_components": 2.479859675878645, "pca__svd_solver": 0.24894759492095764, "pca__tol": 0.4778120260655311, "pca__whiten": 0.8423815827246037, "randomforestclassifier__criterion": 1.2936549682386391, "randomforestclassifier__max_depth": 14.724176431755286, "randomforestclassifier__max_features": 0.06587231771728408, "randomforestclassifier__max_leaf_nodes": 2.5282761675145555, "randomforestclassifier__min_samples_leaf": 0.20565523321738294, "randomforestclassifier__min_samples_split": 0.28176528935497513, "randomforestclassifier__min_weight_fraction_leaf": 0.09009813479655726, "randomforestclassifier__n_estimators": 303.8952547343269, "randomforestclassifier__oob_score": 0.6829983484043178, "randomforestclassifier__verbose": 0.2106845110708378}, "datetime": {"datetime": "2019-11-05 13:47:09", "elapsed": 1348.190948, "delta": 29.620428}}
{"target": 0.7000000000000001, "params": {"pca__copy": 1.4515820751459962, "pca__iterated_power": 1.663023695979463, "pca__n_components": 3.6098963470504355, "pca__svd_solver": 2.2914888680489103, "pca__tol": 0.07597580219703493, "pca__whiten": 1.4036531384748623, "randomforestclassifier__criterion": 1.846070146897501, "randomforestclassifier__max_depth": 981.2101739862826, "randomforestclassifier__max_features": 0.10831201025352422, "randomforestclassifier__max_leaf_nodes": 2.511532840845972, "randomforestclassifier__min_samples_leaf": 0.12976399555945534, "randomforestclassifier__min_samples_split": 0.7532235810010552, "randomforestclassifier__min_weight_fraction_leaf": 0.18196525062771424, "randomforestclassifier__n_estimators": 302.7682355443066, "randomforestclassifier__oob_score": 1.6455160664389366, "randomforestclassifier__verbose": 1.036012073093203}, "datetime": {"datetime": "2019-11-05 13:47:38", "elapsed": 1376.744963, "delta": 28.554015}}
{"target": 0.7000000000000001, "params": {"pca__copy": 1.229914611437751, "pca__iterated_power": 6.875893145077866, "pca__n_components": 1.2785690296515908, "pca__svd_solver": 0.36551659709862816, "pca__tol": 0.7481964723536288, "pca__whiten": 1.39714869620536, "randomforestclassifier__criterion": 0.223906826135794, "randomforestclassifier__max_depth": 1.1044625270936361, "randomforestclassifier__max_features": 0.11167143111587208, "randomforestclassifier__max_leaf_nodes": 16.894775144232803, "randomforestclassifier__min_samples_leaf": 0.18894508056128778, "randomforestclassifier__min_samples_split": 0.035648855786928446, "randomforestclassifier__min_weight_fraction_leaf": 0.22940637383837165, "randomforestclassifier__n_estimators": 1975.683872662305, "randomforestclassifier__oob_score": 0.017916423266005333, "randomforestclassifier__verbose": 0.1308146697979987}, "datetime": {"datetime": "2019-11-05 13:48:28", "elapsed": 1426.566999, "delta": 49.822036}}
{"target": 0.7000000000000001, "params": {"pca__copy": 0.7680677077201964, "pca__iterated_power": 1.5723492322712251, "pca__n_components": 19.714207221881114, "pca__svd_solver": 2.3124586710458783, "pca__tol": 0.8134233095509148, "pca__whiten": 0.521509590927337, "randomforestclassifier__criterion": 1.403908871973729, "randomforestclassifier__max_depth": 978.7409133247439, "randomforestclassifier__max_features": 0.49706671902821575, "randomforestclassifier__max_leaf_nodes": 18.886715639041594, "randomforestclassifier__min_samples_leaf": 0.16646787960300086, "randomforestclassifier__min_samples_split": 0.8983402474343267, "randomforestclassifier__min_weight_fraction_leaf": 0.043050209813420115, "randomforestclassifier__n_estimators": 1990.603445098181, "randomforestclassifier__oob_score": 0.9465753354946844, "randomforestclassifier__verbose": 1.002548002281559}, "datetime": {"datetime": "2019-11-05 13:49:16", "elapsed": 1474.378813, "delta": 47.811814}}
{"target": 0.7000000000000001, "params": {"pca__copy": 0.13306116816563787, "pca__iterated_power": 8.992583215312463, "pca__n_components": 1.3124001145649622, "pca__svd_solver": 2.098837095928211, "pca__tol": 0.7624124895691373, "pca__whiten": 1.546648655250775, "randomforestclassifier__criterion": 0.2489712187870001, "randomforestclassifier__max_depth": 981.6353672828359, "randomforestclassifier__max_features": 0.0010901462564308906, "randomforestclassifier__max_leaf_nodes": 18.71860081643728, "randomforestclassifier__min_samples_leaf": 0.12747946941766086, "randomforestclassifier__min_samples_split": 0.029600899123384705, "randomforestclassifier__min_weight_fraction_leaf": 0.10855168459991116, "randomforestclassifier__n_estimators": 302.508527832994, "randomforestclassifier__oob_score": 0.012629508287113622, "randomforestclassifier__verbose": 1.1287487444874496}, "datetime": {"datetime": "2019-11-05 13:49:44", "elapsed": 1502.731988, "delta": 28.353175}}
{"target": 0.7000000000000001, "params": {"pca__copy": 0.37970313439159237, "pca__iterated_power": 7.300053321329203, "pca__n_components": 1.37163493186881, "pca__svd_solver": 2.075824223216955, "pca__tol": 0.17076306329345736, "pca__whiten": 0.5849996900174501, "randomforestclassifier__criterion": 0.029114441760840125, "randomforestclassifier__max_depth": 1.5632796716963369, "randomforestclassifier__max_features": 0.3198240232401133, "randomforestclassifier__max_leaf_nodes": 18.947743594285814, "randomforestclassifier__min_samples_leaf": 0.23991280952447502, "randomforestclassifier__min_samples_split": 0.24632556072357448, "randomforestclassifier__min_weight_fraction_leaf": 0.18142422695499488, "randomforestclassifier__n_estimators": 301.85815728963183, "randomforestclassifier__oob_score": 1.0222423222548411, "randomforestclassifier__verbose": 1.4810141874694795}, "datetime": {"datetime": "2019-11-05 13:50:15", "elapsed": 1534.010654, "delta": 31.278666}}
