{"target": 0.7000000000000001, "params": {"pca__copy": 0.28983026239795384, "pca__iterated_power": 8.192421539112493, "pca__n_components": 16.962312187842336, "pca__svd_solver": 0.3601291138603442, "pca__tol": 0.26611061927062196, "pca__whiten": 1.66611756756485, "randomforestclassifier__criterion": 1.815885593883583, "randomforestclassifier__max_depth": 4.1872821617468325, "randomforestclassifier__max_features": 0.5037404272916336, "randomforestclassifier__max_leaf_nodes": 2.290557817554124, "randomforestclassifier__min_samples_leaf": 0.3613078131596246, "randomforestclassifier__min_samples_split": 0.6494121350634503, "randomforestclassifier__min_weight_fraction_leaf": 0.4332374675351945, "randomforestclassifier__n_estimators": 1988.0418542113284, "randomforestclassifier__oob_score": 1.282330448838381, "randomforestclassifier__verbose": 0.44695502152287886}, "datetime": {"datetime": "2019-11-05 13:51:07", "elapsed": 1585.762634, "delta": 51.75198}}
{"target": 0.7000000000000001, "params": {"pca__copy": 1.4711555740946716, "pca__iterated_power": 9.630428401445455, "pca__n_components": 1.5457647141035087, "pca__svd_solver": 0.7574935699803601, "pca__tol": 0.6112356386175716, "pca__whiten": 0.8860205871392169, "randomforestclassifier__criterion": 1.8670427273347259, "randomforestclassifier__max_depth": 966.5622782209535, "randomforestclassifier__max_features": 0.21816812678184894, "randomforestclassifier__max_leaf_nodes": 4.144119653254313, "randomforestclassifier__min_samples_leaf": 0.46883375690426726, "randomforestclassifier__min_samples_split": 0.9085488133478388, "randomforestclassifier__min_weight_fraction_leaf": 0.48981613369782845, "randomforestclassifier__n_estimators": 1992.9595778464163, "randomforestclassifier__oob_score": 0.4714808349497785, "randomforestclassifier__verbose": 0.894603675084035}, "datetime": {"datetime": "2019-11-05 13:51:52", "elapsed": 1630.820253, "delta": 45.057619}}
{"target": 0.7000000000000001, "params": {"pca__copy": 0.3874660333799015, "pca__iterated_power": 8.931450361714923, "pca__n_components": 1.6297029932173097, "pca__svd_solver": 0.38068825705939413, "pca__tol": 0.8892828991309845, "pca__whiten": 1.2621523619996025, "randomforestclassifier__criterion": 0.9191173126554122, "randomforestclassifier__max_depth": 968.3926637211226, "randomforestclassifier__max_features": 0.7711330529516758, "randomforestclassifier__max_leaf_nodes": 18.701674558938418, "randomforestclassifier__min_samples_leaf": 0.47458214430228357, "randomforestclassifier__min_samples_split": 0.20974496561275602, "randomforestclassifier__min_weight_fraction_leaf": 0.19918324463893905, "randomforestclassifier__n_estimators": 1995.6571236523907, "randomforestclassifier__oob_score": 1.543696883091975, "randomforestclassifier__verbose": 1.308124401644613}, "datetime": {"datetime": "2019-11-05 13:52:46", "elapsed": 1685.175926, "delta": 54.355673}}
{"target": 0.7000000000000001, "params": {"pca__copy": 0.21714261727247747, "pca__iterated_power": 9.74139684665774, "pca__n_components": 19.57957877789372, "pca__svd_solver": 1.0315156501367442, "pca__tol": 0.7937910084668938, "pca__whiten": 1.3560646828558838, "randomforestclassifier__criterion": 0.6332339261182618, "randomforestclassifier__max_depth": 15.425745055711966, "randomforestclassifier__max_features": 0.9780138072264046, "randomforestclassifier__max_leaf_nodes": 2.504323291057723, "randomforestclassifier__min_samples_leaf": 0.2874595290861648, "randomforestclassifier__min_samples_split": 0.25544119951656874, "randomforestclassifier__min_weight_fraction_leaf": 0.48089315299575675, "randomforestclassifier__n_estimators": 308.68862233796017, "randomforestclassifier__oob_score": 1.622555846357855, "randomforestclassifier__verbose": 1.3202887911604095}, "datetime": {"datetime": "2019-11-05 13:53:18", "elapsed": 1716.988469, "delta": 31.812543}}
{"target": 0.7000000000000001, "params": {"pca__copy": 0.5056045201251125, "pca__iterated_power": 0.3514027770631589, "pca__n_components": 19.902500093730257, "pca__svd_solver": 1.0439254254763999, "pca__tol": 0.6814767371654117, "pca__whiten": 1.1355090562461694, "randomforestclassifier__criterion": 1.8164774019933887, "randomforestclassifier__max_depth": 992.5182213814123, "randomforestclassifier__max_features": 0.3619629367570041, "randomforestclassifier__max_leaf_nodes": 3.601330368328349, "randomforestclassifier__min_samples_leaf": 0.43085320901057594, "randomforestclassifier__min_samples_split": 0.7121623824545484, "randomforestclassifier__min_weight_fraction_leaf": 0.04765603441379823, "randomforestclassifier__n_estimators": 309.44133249123945, "randomforestclassifier__oob_score": 1.4874017938362922, "randomforestclassifier__verbose": 1.6389723822594118}, "datetime": {"datetime": "2019-11-05 13:53:49", "elapsed": 1747.486823, "delta": 30.498354}}
{"target": 0.7000000000000001, "params": {"pca__copy": 0.1969395493681136, "pca__iterated_power": 2.0361762691479637, "pca__n_components": 1.2301971861359244, "pca__svd_solver": 0.4933480771751416, "pca__tol": 0.8801451922382089, "pca__whiten": 0.01481600943932133, "randomforestclassifier__criterion": 1.151961264929956, "randomforestclassifier__max_depth": 10.316770057819312, "randomforestclassifier__max_features": 0.7296284058140132, "randomforestclassifier__max_leaf_nodes": 3.133613071210905, "randomforestclassifier__min_samples_leaf": 0.20601059329626098, "randomforestclassifier__min_samples_split": 0.49303155882496963, "randomforestclassifier__min_weight_fraction_leaf": 0.19000359907160297, "randomforestclassifier__n_estimators": 1977.2436353627527, "randomforestclassifier__oob_score": 0.2614249765659471, "randomforestclassifier__verbose": 0.4275067813855488}, "datetime": {"datetime": "2019-11-05 13:54:38", "elapsed": 1796.703361, "delta": 49.216538}}
{"target": 0.7000000000000001, "params": {"pca__copy": 1.2003556817977055, "pca__iterated_power": 0.2657544811022672, "pca__n_components": 19.46060355306538, "pca__svd_solver": 0.13054899061831804, "pca__tol": 0.9031528106086926, "pca__whiten": 1.1710292213575835, "randomforestclassifier__criterion": 1.1000984328850658, "randomforestclassifier__max_depth": 17.85957284171739, "randomforestclassifier__max_features": 0.6168945111680669, "randomforestclassifier__max_leaf_nodes": 17.5468281342253, "randomforestclassifier__min_samples_leaf": 0.05414242523798446, "randomforestclassifier__min_samples_split": 0.3110915591191019, "randomforestclassifier__min_weight_fraction_leaf": 0.2075315848669409, "randomforestclassifier__n_estimators": 312.3802579022582, "randomforestclassifier__oob_score": 1.7488062623186063, "randomforestclassifier__verbose": 1.054455530924913}, "datetime": {"datetime": "2019-11-05 13:55:11", "elapsed": 1829.548025, "delta": 32.844664}}
{"target": 0.7000000000000001, "params": {"pca__copy": 1.281655485043375, "pca__iterated_power": 0.6271300479602826, "pca__n_components": 3.324650296908825, "pca__svd_solver": 2.887746383016416, "pca__tol": 0.07713908464658781, "pca__whiten": 0.082445316838707, "randomforestclassifier__criterion": 0.4683789049268314, "randomforestclassifier__max_depth": 989.4443208022009, "randomforestclassifier__max_features": 0.056556697348489005, "randomforestclassifier__max_leaf_nodes": 2.085906584313596, "randomforestclassifier__min_samples_leaf": 0.08810911399327187, "randomforestclassifier__min_samples_split": 0.08077447993018405, "randomforestclassifier__min_weight_fraction_leaf": 0.13373799165552508, "randomforestclassifier__n_estimators": 1991.563778662747, "randomforestclassifier__oob_score": 1.8976314883792171, "randomforestclassifier__verbose": 0.4247536853534794}, "datetime": {"datetime": "2019-11-05 13:56:05", "elapsed": 1883.750162, "delta": 54.202137}}
{"target": 0.7000000000000001, "params": {"pca__copy": 1.886374916704292, "pca__iterated_power": 8.653067980597704, "pca__n_components": 1.2021890042671606, "pca__svd_solver": 1.3494707782207414, "pca__tol": 0.2837052236724108, "pca__whiten": 1.2502488778196896, "randomforestclassifier__criterion": 1.074636974736514, "randomforestclassifier__max_depth": 997.5659964969902, "randomforestclassifier__max_features": 0.4452370723779998, "randomforestclassifier__max_leaf_nodes": 18.036924746558817, "randomforestclassifier__min_samples_leaf": 0.18664114095673368, "randomforestclassifier__min_samples_split": 0.5239831636728218, "randomforestclassifier__min_weight_fraction_leaf": 0.40404865884845087, "randomforestclassifier__n_estimators": 328.01255996148785, "randomforestclassifier__oob_score": 1.3755870030139106, "randomforestclassifier__verbose": 0.9890693186116006}, "datetime": {"datetime": "2019-11-05 13:56:33", "elapsed": 1911.926994, "delta": 28.176832}}
{"target": 0.7000000000000001, "params": {"pca__copy": 1.8065356890461572, "pca__iterated_power": 9.03011504556705, "pca__n_components": 19.891221292488368, "pca__svd_solver": 2.13837798131086, "pca__tol": 0.1164610164629396, "pca__whiten": 1.0008605744109371, "randomforestclassifier__criterion": 1.8551467122839829, "randomforestclassifier__max_depth": 970.689021024641, "randomforestclassifier__max_features": 0.777276455440904, "randomforestclassifier__max_leaf_nodes": 18.97631858323886, "randomforestclassifier__min_samples_leaf": 0.22223607086760294, "randomforestclassifier__min_samples_split": 0.7129129871278918, "randomforestclassifier__min_weight_fraction_leaf": 0.17904700919609573, "randomforestclassifier__n_estimators": 1983.679966693948, "randomforestclassifier__oob_score": 0.7563040478649915, "randomforestclassifier__verbose": 1.1474960528557971}, "datetime": {"datetime": "2019-11-05 13:57:20", "elapsed": 1958.64178, "delta": 46.714786}}
{"target": 0.7000000000000001, "params": {"pca__copy": 1.534589268676435, "pca__iterated_power": 4.355628088099152, "pca__n_components": 2.5634412986897406, "pca__svd_solver": 1.12021011509348, "pca__tol": 0.8108150204603436, "pca__whiten": 0.8767299320118725, "randomforestclassifier__criterion": 1.0292115010866818, "randomforestclassifier__max_depth": 27.803649647311723, "randomforestclassifier__max_features": 0.7653129074731729, "randomforestclassifier__max_leaf_nodes": 18.761569923739756, "randomforestclassifier__min_samples_leaf": 0.04321569227757077, "randomforestclassifier__min_samples_split": 0.7951053389045294, "randomforestclassifier__min_weight_fraction_leaf": 0.136924400700964, "randomforestclassifier__n_estimators": 1990.3517727396463, "randomforestclassifier__oob_score": 1.7770824168825867, "randomforestclassifier__verbose": 1.1255117484509418}, "datetime": {"datetime": "2019-11-05 13:58:12", "elapsed": 2010.415845, "delta": 51.774065}}
{"target": 0.7000000000000001, "params": {"pca__copy": 1.5068265133157712, "pca__iterated_power": 4.567937789431412, "pca__n_components": 19.801551933241846, "pca__svd_solver": 2.1390277830101025, "pca__tol": 0.5902448663764156, "pca__whiten": 0.295651315909943, "randomforestclassifier__criterion": 0.8476611471217801, "randomforestclassifier__max_depth": 994.066226702114, "randomforestclassifier__max_features": 0.8352366300244707, "randomforestclassifier__max_leaf_nodes": 4.145905522787755, "randomforestclassifier__min_samples_leaf": 0.09368875584921527, "randomforestclassifier__min_samples_split": 0.8451754140498492, "randomforestclassifier__min_weight_fraction_leaf": 0.14095723607177102, "randomforestclassifier__n_estimators": 300.1830460622187, "randomforestclassifier__oob_score": 1.0575764275321717, "randomforestclassifier__verbose": 0.9167827191323533}, "datetime": {"datetime": "2019-11-05 13:58:41", "elapsed": 2039.364769, "delta": 28.948924}}
{"target": 0.7000000000000001, "params": {"pca__copy": 0.57092554204532, "pca__iterated_power": 0.43840227087325156, "pca__n_components": 4.065209882342458, "pca__svd_solver": 1.7992526439061538, "pca__tol": 0.7114520062356072, "pca__whiten": 1.1447715977738095, "randomforestclassifier__criterion": 0.04350471770306306, "randomforestclassifier__max_depth": 17.17316731901164, "randomforestclassifier__max_features": 0.311274001215299, "randomforestclassifier__max_leaf_nodes": 18.41233127693146, "randomforestclassifier__min_samples_leaf": 0.13750386709440632, "randomforestclassifier__min_samples_split": 0.6928592217592379, "randomforestclassifier__min_weight_fraction_leaf": 0.029645301115674372, "randomforestclassifier__n_estimators": 302.59522488438364, "randomforestclassifier__oob_score": 0.37592726005184596, "randomforestclassifier__verbose": 0.2599558971844468}, "datetime": {"datetime": "2019-11-05 13:59:09", "elapsed": 2068.318567, "delta": 28.953798}}
{"target": 0.7000000000000001, "params": {"pca__copy": 1.023022345086234, "pca__iterated_power": 8.355867277816534, "pca__n_components": 19.739113741765827, "pca__svd_solver": 2.64603468110026, "pca__tol": 0.24975508000325955, "pca__whiten": 1.0515259598447253, "randomforestclassifier__criterion": 0.9310496362011766, "randomforestclassifier__max_depth": 37.62322158933975, "randomforestclassifier__max_features": 0.031270705720389036, "randomforestclassifier__max_leaf_nodes": 2.109137574980018, "randomforestclassifier__min_samples_leaf": 0.45162134513104213, "randomforestclassifier__min_samples_split": 0.7896927258876518, "randomforestclassifier__min_weight_fraction_leaf": 0.16903840879227328, "randomforestclassifier__n_estimators": 1993.0423389658117, "randomforestclassifier__oob_score": 1.6241266743447749, "randomforestclassifier__verbose": 1.100706472312192}, "datetime": {"datetime": "2019-11-05 14:00:03", "elapsed": 2121.676941, "delta": 53.358374}}
{"target": 0.7000000000000001, "params": {"pca__copy": 0.04885880624478159, "pca__iterated_power": 1.6577806390169991, "pca__n_components": 1.3903737082328198, "pca__svd_solver": 1.2238580921430953, "pca__tol": 0.07133667115739671, "pca__whiten": 1.7861598450655722, "randomforestclassifier__criterion": 1.7390944566784525, "randomforestclassifier__max_depth": 6.190810481471411, "randomforestclassifier__max_features": 0.0011082119894070264, "randomforestclassifier__max_leaf_nodes": 3.4571037719743414, "randomforestclassifier__min_samples_leaf": 0.39761234703089765, "randomforestclassifier__min_samples_split": 0.8144575288588026, "randomforestclassifier__min_weight_fraction_leaf": 0.08915070296502214, "randomforestclassifier__n_estimators": 301.55514212341495, "randomforestclassifier__oob_score": 0.9561406364417183, "randomforestclassifier__verbose": 0.3522702979556849}, "datetime": {"datetime": "2019-11-05 14:00:32", "elapsed": 2151.09174, "delta": 29.414799}}
{"target": 0.7000000000000001, "params": {"pca__copy": 0.33103007749977553, "pca__iterated_power": 0.14600560955521646, "pca__n_components": 2.723753395425767, "pca__svd_solver": 1.9954680132857616, "pca__tol": 0.9965618001452564, "pca__whiten": 1.6538387183547552, "randomforestclassifier__criterion": 1.1780226719191722, "randomforestclassifier__max_depth": 6.6574674805619, "randomforestclassifier__max_features": 0.8868599117352836, "randomforestclassifier__max_leaf_nodes": 17.942974227497302, "randomforestclassifier__min_samples_leaf": 0.25138715479472745, "randomforestclassifier__min_samples_split": 0.9146400822959847, "randomforestclassifier__min_weight_fraction_leaf": 0.48564362479242135, "randomforestclassifier__n_estimators": 1998.5636449454169, "randomforestclassifier__oob_score": 1.271716920658533, "randomforestclassifier__verbose": 0.6195022174591439}, "datetime": {"datetime": "2019-11-05 14:01:27", "elapsed": 2205.622214, "delta": 54.530474}}
{"target": 0.7000000000000001, "params": {"pca__copy": 1.8298121775917158, "pca__iterated_power": 0.3009754570602108, "pca__n_components": 19.96504935011913, "pca__svd_solver": 2.4650784374717145, "pca__tol": 0.3845683342013584, "pca__whiten": 0.744556370397133, "randomforestclassifier__criterion": 1.8908538048377264, "randomforestclassifier__max_depth": 953.9827498122788, "randomforestclassifier__max_features": 0.3534349413805674, "randomforestclassifier__max_leaf_nodes": 2.1705619358970987, "randomforestclassifier__min_samples_leaf": 0.3782349662006732, "randomforestclassifier__min_samples_split": 0.14607888919348222, "randomforestclassifier__min_weight_fraction_leaf": 0.4265901690953713, "randomforestclassifier__n_estimators": 1959.2147570605257, "randomforestclassifier__oob_score": 0.5823381806632686, "randomforestclassifier__verbose": 1.8201332995418296}, "datetime": {"datetime": "2019-11-05 14:02:13", "elapsed": 2251.944735, "delta": 46.322521}}
{"target": 0.7000000000000001, "params": {"pca__copy": 1.6132263611398316, "pca__iterated_power": 2.1931205930486963, "pca__n_components": 1.2678261184305157, "pca__svd_solver": 0.5703486625619608, "pca__tol": 0.29642740265189205, "pca__whiten": 1.1272285283293824, "randomforestclassifier__criterion": 1.7066359073186186, "randomforestclassifier__max_depth": 993.6753372941006, "randomforestclassifier__max_features": 0.7511721940974513, "randomforestclassifier__max_leaf_nodes": 18.325040780756066, "randomforestclassifier__min_samples_leaf": 0.263613499594295, "randomforestclassifier__min_samples_split": 0.6387419163540131, "randomforestclassifier__min_weight_fraction_leaf": 0.3620850756863651, "randomforestclassifier__n_estimators": 325.85316597279746, "randomforestclassifier__oob_score": 0.8138838846251936, "randomforestclassifier__verbose": 1.665730035662467}, "datetime": {"datetime": "2019-11-05 14:02:43", "elapsed": 2281.555176, "delta": 29.610441}}
{"target": 0.7000000000000001, "params": {"pca__copy": 0.8284918076739421, "pca__iterated_power": 2.4080992503291556, "pca__n_components": 1.7328889855172331, "pca__svd_solver": 1.0338755542808094, "pca__tol": 0.8875422693377392, "pca__whiten": 1.2203344558008766, "randomforestclassifier__criterion": 1.776509975653271, "randomforestclassifier__max_depth": 996.1511434019059, "randomforestclassifier__max_features": 0.673365935056473, "randomforestclassifier__max_leaf_nodes": 18.986037140261242, "randomforestclassifier__min_samples_leaf": 0.4585931008279522, "randomforestclassifier__min_samples_split": 0.9740088218205619, "randomforestclassifier__min_weight_fraction_leaf": 0.008660641861858165, "randomforestclassifier__n_estimators": 1995.044687881737, "randomforestclassifier__oob_score": 0.46106326258578517, "randomforestclassifier__verbose": 1.899036177412733}, "datetime": {"datetime": "2019-11-05 14:03:32", "elapsed": 2330.447361, "delta": 48.892185}}
{"target": 0.7000000000000001, "params": {"pca__copy": 1.5089563137975188, "pca__iterated_power": 0.8179468229193421, "pca__n_components": 18.867778134804492, "pca__svd_solver": 1.5984782440021514, "pca__tol": 0.40494000844720623, "pca__whiten": 1.8794973815741738, "randomforestclassifier__criterion": 1.8974739228893698, "randomforestclassifier__max_depth": 9.689504189017207, "randomforestclassifier__max_features": 0.59648184033079, "randomforestclassifier__max_leaf_nodes": 18.94009350331529, "randomforestclassifier__min_samples_leaf": 0.44249764313715345, "randomforestclassifier__min_samples_split": 0.8031078586877, "randomforestclassifier__min_weight_fraction_leaf": 0.26837302567035415, "randomforestclassifier__n_estimators": 1997.4551501047722, "randomforestclassifier__oob_score": 0.43447135111857094, "randomforestclassifier__verbose": 0.39130895404833665}, "datetime": {"datetime": "2019-11-05 14:04:17", "elapsed": 2376.12801, "delta": 45.680649}}
{"target": 0.7000000000000001, "params": {"pca__copy": 0.6025938061781017, "pca__iterated_power": 0.9981103104663192, "pca__n_components": 19.07252215482795, "pca__svd_solver": 0.5620513647156056, "pca__tol": 0.07363009078783274, "pca__whiten": 1.738951013774157, "randomforestclassifier__criterion": 0.6349789283932764, "randomforestclassifier__max_depth": 1.094930162507191, "randomforestclassifier__max_features": 0.4522719903210016, "randomforestclassifier__max_leaf_nodes": 18.815611724547065, "randomforestclassifier__min_samples_leaf": 0.16619128150229878, "randomforestclassifier__min_samples_split": 0.3379144852296633, "randomforestclassifier__min_weight_fraction_leaf": 0.3722936503073639, "randomforestclassifier__n_estimators": 351.4239905834619, "randomforestclassifier__oob_score": 1.345231928877034, "randomforestclassifier__verbose": 0.06012965293231005}, "datetime": {"datetime": "2019-11-05 14:04:48", "elapsed": 2406.826415, "delta": 30.698405}}
{"target": 0.7000000000000001, "params": {"pca__copy": 0.13446348450166876, "pca__iterated_power": 0.9347104822206642, "pca__n_components": 19.941362892617462, "pca__svd_solver": 1.7580539208338979, "pca__tol": 0.40216260900399914, "pca__whiten": 1.6787005255676473, "randomforestclassifier__criterion": 1.3506283686653224, "randomforestclassifier__max_depth": 952.8216199810354, "randomforestclassifier__max_features": 0.22720522460882742, "randomforestclassifier__max_leaf_nodes": 18.65686979380474, "randomforestclassifier__min_samples_leaf": 0.4874507208248433, "randomforestclassifier__min_samples_split": 0.6897825919095907, "randomforestclassifier__min_weight_fraction_leaf": 0.3379208606636832, "randomforestclassifier__n_estimators": 300.195908427504, "randomforestclassifier__oob_score": 0.10496140302155046, "randomforestclassifier__verbose": 1.226858965656226}, "datetime": {"datetime": "2019-11-05 14:05:18", "elapsed": 2436.873784, "delta": 30.047369}}
